2022-11-14 10:01:41 Loading main app package /tmp/.mount_Obsidi3JioGl/resources/obsidian.asar
2022-11-14 10:01:41 Checking for update using Github
2022-11-14 10:01:42 Success.
2022-11-14 10:01:42 Latest version is 1.0.3
2022-11-14 10:01:42 App is up to date.
2022-11-14 10:24:21 Loading main app package /tmp/.mount_Obsidi0qObBG/resources/obsidian.asar
2022-11-14 10:24:22 Checking for update using Github
2022-11-14 10:24:22 Success.
2022-11-14 10:24:22 Latest version is 1.0.3
2022-11-14 10:24:22 App is up to date.
2022-11-14 11:24:21 Checking for update using Github
2022-11-14 11:24:21 Success.
2022-11-14 11:24:21 Latest version is 1.0.3
2022-11-14 11:24:21 App is up to date.
2022-11-14 12:24:21 Checking for update using Github
2022-11-14 12:24:21 Success.
2022-11-14 12:24:21 Latest version is 1.0.3
2022-11-14 12:24:21 App is up to date.
2022-11-14 12:55:41 Loading main app package /tmp/.mount_ObsiditUaoEc/resources/obsidian.asar
2022-11-14 12:55:42 Checking for update using Github
2022-11-14 12:55:42 Success.
2022-11-14 12:55:42 Latest version is 1.0.3
2022-11-14 12:55:42 App is up to date.
2022-11-14 13:55:41 Checking for update using Github
2022-11-14 13:55:41 Success.
2022-11-14 13:55:41 Latest version is 1.0.3
2022-11-14 13:55:41 App is up to date.
2022-11-14 14:41:24 Loading main app package /tmp/.mount_ObsidigMjaPo/resources/obsidian.asar
2022-11-14 14:41:24 Checking for update using Github
2022-11-14 14:41:25 Success.
2022-11-14 14:41:25 Latest version is 1.0.3
2022-11-14 14:41:25 App is up to date.
2022-11-14 15:41:25 Checking for update using Github
2022-11-14 15:41:25 Success.
2022-11-14 15:41:25 Latest version is 1.0.3
2022-11-14 15:41:25 App is up to date.
2022-11-14 16:41:25 Checking for update using Github
2022-11-14 16:41:25 Success.
2022-11-14 16:41:25 Latest version is 1.0.3
2022-11-14 16:41:25 App is up to date.
2022-11-14 23:31:31 Loading main app package /tmp/.mount_ObsidiKJJnox/resources/obsidian.asar
2022-11-14 23:31:32 Checking for update using Github
2022-11-14 23:31:32 Success.
2022-11-14 23:31:32 Latest version is 1.0.3
2022-11-14 23:31:32 App is up to date.
2022-11-17 15:19:44 Loading main app package /tmp/.mount_ObsidiWYLVeb/resources/obsidian.asar
2022-11-17 15:19:44 Checking for update using Github
2022-11-17 15:19:45 Success.
2022-11-17 15:19:45 Latest version is 1.0.3
2022-11-17 15:19:45 App is up to date.
2022-11-17 16:19:44 Checking for update using Github
2022-11-17 16:19:44 Success.
2022-11-17 16:19:44 Latest version is 1.0.3
2022-11-17 16:19:44 App is up to date.
2022-11-17 17:19:44 Checking for update using Github
2022-11-17 17:19:44 Success.
2022-11-17 17:19:44 Latest version is 1.0.3
2022-11-17 17:19:44 App is up to date.
2022-11-18 09:28:36 Loading main app package /tmp/.mount_ObsidisRwMgT/resources/obsidian.asar
2022-11-18 09:28:37 Checking for update using Github
2022-11-18 09:28:37 Success.
2022-11-18 09:28:37 Latest version is 1.0.3
2022-11-18 09:28:37 App is up to date.
2022-11-18 09:42:24 Loading main app package /tmp/.mount_ObsidiS0eady/resources/obsidian.asar
2022-11-18 09:42:24 Checking for update using Github
2022-11-18 09:42:25 Success.
2022-11-18 09:42:25 Latest version is 1.0.3
2022-11-18 09:42:25 App is up to date.
2022-11-18 10:42:24 Checking for update using Github
2022-11-18 10:42:24 Success.
2022-11-18 10:42:24 Latest version is 1.0.3
2022-11-18 10:42:24 App is up to date.
2022-11-18 11:42:24 Checking for update using Github
2022-11-18 11:42:24 Success.
2022-11-18 11:42:24 Latest version is 1.0.3
2022-11-18 11:42:24 App is up to date.
2022-11-18 13:38:05 Loading main app package /tmp/.mount_ObsidinUYtFQ/resources/obsidian.asar
2022-11-18 13:38:06 Checking for update using Github
2022-11-18 13:38:06 Success.
2022-11-18 13:38:06 Latest version is 1.0.3
2022-11-18 13:38:06 App is up to date.
2022-11-18 14:38:06 Checking for update using Github
2022-11-18 14:38:06 Success.
2022-11-18 14:38:06 Latest version is 1.0.3
2022-11-18 14:38:06 App is up to date.
2022-11-21 14:45:53 Loading main app package /tmp/.mount_ObsidiWYljsq/resources/obsidian.asar
2022-11-21 14:45:53 Checking for update using Github
2022-11-21 14:45:54 Success.
2022-11-21 14:45:54 Latest version is 1.0.3
2022-11-21 14:45:54 App is up to date.
2022-11-21 15:44:57 Loading main app package /tmp/.mount_Obsidifc5dmY/resources/obsidian.asar
2022-11-21 15:44:57 Checking for update using Github
2022-11-21 15:44:57 Success.
2022-11-21 15:44:57 Latest version is 1.0.3
2022-11-21 15:44:57 App is up to date.
2022-11-21 16:44:57 Checking for update using Github
2022-11-21 16:44:57 Success.
2022-11-21 16:44:57 Latest version is 1.0.3
2022-11-21 16:44:57 App is up to date.
2022-11-22 12:39:08 Loading main app package /tmp/.mount_ObsidiDQOVsK/resources/obsidian.asar
2022-11-22 12:39:09 Checking for update using Github
2022-11-22 12:39:09 Success.
2022-11-22 12:39:09 Latest version is 1.0.3
2022-11-22 12:39:09 App is up to date.
2022-11-22 13:39:08 Checking for update using Github
2022-11-22 13:39:08 Success.
2022-11-22 13:39:08 Latest version is 1.0.3
2022-11-22 13:39:08 App is up to date.
2022-11-22 16:18:26 Loading main app package /tmp/.mount_ObsidiN9fLbx/resources/obsidian.asar
2022-11-22 16:18:27 Checking for update using Github
2022-11-22 16:18:27 Success.
2022-11-22 16:18:27 Latest version is 1.0.3
2022-11-22 16:18:27 App is up to date.
2022-11-22 17:18:26 Checking for update using Github
2022-11-22 17:18:26 Success.
2022-11-22 17:18:26 Latest version is 1.0.3
2022-11-22 17:18:26 App is up to date.
2022-11-24 22:48:30 Loading main app package /tmp/.mount_ObsidiCxksJP/resources/obsidian.asar
2022-11-24 22:48:30 Checking for update using Github
2022-11-24 22:48:31 Success.
2022-11-24 22:48:31 Latest version is 1.0.3
2022-11-24 22:48:31 App is up to date.
2022-11-24 23:48:30 Checking for update using Github
2022-11-24 23:48:30 Success.
2022-11-24 23:48:30 Latest version is 1.0.3
2022-11-24 23:48:30 App is up to date.
2022-11-25 09:37:38 Loading main app package /tmp/.mount_ObsidiFB5c5r/resources/obsidian.asar
2022-11-25 09:37:39 Checking for update using Github
2022-11-25 09:37:39 Success.
2022-11-25 09:37:39 Latest version is 1.0.3
2022-11-25 09:37:39 App is up to date.
2022-11-25 10:37:38 Checking for update using Github
2022-11-25 10:37:39 Success.
2022-11-25 10:37:39 Latest version is 1.0.3
2022-11-25 10:37:39 App is up to date.
2022-11-25 11:37:38 Checking for update using Github
2022-11-25 11:37:39 Success.
2022-11-25 11:37:39 Latest version is 1.0.3
2022-11-25 11:37:39 App is up to date.
2022-11-25 14:45:29 Loading main app package /tmp/.mount_Obsidi3WfdXq/resources/obsidian.asar
2022-11-25 14:45:30 Checking for update using Github
2022-11-25 14:45:30 Success.
2022-11-25 14:45:30 Latest version is 1.0.3
2022-11-25 14:45:30 App is up to date.
2022-11-25 15:45:30 Checking for update using Github
2022-11-25 15:45:30 Success.
2022-11-25 15:45:30 Latest version is 1.0.3
2022-11-25 15:45:30 App is up to date.
2022-11-25 16:45:30 Checking for update using Github
2022-11-25 16:45:30 Success.
2022-11-25 16:45:30 Latest version is 1.0.3
2022-11-25 16:45:30 App is up to date.
2022-11-25 18:15:02 Loading main app package /tmp/.mount_Obsidi3DKoYq/resources/obsidian.asar
2022-11-25 18:15:02 Checking for update using Github
2022-11-25 18:15:02 Success.
2022-11-25 18:15:02 Latest version is 1.0.3
2022-11-25 18:15:02 App is up to date.
2022-11-25 19:15:02 Checking for update using Github
2022-11-25 19:15:02 Success.
2022-11-25 19:15:02 Latest version is 1.0.3
2022-11-25 19:15:02 App is up to date.
2022-11-25 20:15:02 Checking for update using Github
2022-11-25 20:15:02 Success.
2022-11-25 20:15:02 Latest version is 1.0.3
2022-11-25 20:15:02 App is up to date.
2022-11-28 16:01:19 Loading main app package /tmp/.mount_Obsidiu7dr6k/resources/obsidian.asar
2022-11-28 16:01:20 Checking for update using Github
2022-11-28 16:01:20 Success.
2022-11-28 16:01:20 Latest version is 1.0.3
2022-11-28 16:01:20 App is up to date.
2022-11-29 14:32:23 Loading main app package /tmp/.mount_ObsidiuYnjgj/resources/obsidian.asar
2022-11-29 14:32:24 Checking for update using Github
2022-11-29 14:32:24 Success.
2022-11-29 14:32:24 Latest version is 1.0.3
2022-11-29 14:32:24 App is up to date.
2022-11-29 15:32:23 Checking for update using Github
2022-11-29 15:32:24 Success.
2022-11-29 15:32:24 Latest version is 1.0.3
2022-11-29 15:32:24 App is up to date.
2022-11-29 16:32:24 Checking for update using Github
2022-11-29 16:32:24 Success.
2022-11-29 16:32:24 Latest version is 1.0.3
2022-11-29 16:32:24 App is up to date.
2022-11-29 17:32:24 Checking for update using Github
2022-11-29 17:32:24 Success.
2022-11-29 17:32:24 Latest version is 1.0.3
2022-11-29 17:32:24 App is up to date.
2022-11-29 18:32:24 Checking for update using Github
2022-11-29 18:32:24 Success.
2022-11-29 18:32:24 Latest version is 1.0.3
2022-11-29 18:32:24 App is up to date.
2022-11-29 19:16:36 Loading main app package /tmp/.mount_Obsidigt90tO/resources/obsidian.asar
2022-11-29 19:16:36 Checking for update using Github
2022-11-29 19:16:36 Success.
2022-11-29 19:16:36 Latest version is 1.0.3
2022-11-29 19:16:36 App is up to date.
2022-11-29 20:16:36 Checking for update using Github
2022-11-29 20:16:36 Success.
2022-11-29 20:16:36 Latest version is 1.0.3
2022-11-29 20:16:36 App is up to date.
2022-11-29 21:16:36 Checking for update using Github
2022-11-29 21:16:36 Success.
2022-11-29 21:16:36 Latest version is 1.0.3
2022-11-29 21:16:36 App is up to date.
2022-11-30 17:22:14 Loading main app package /tmp/.mount_ObsidiZ8dswD/resources/obsidian.asar
2022-11-30 17:22:14 Checking for update using Github
2022-11-30 17:22:14 Success.
2022-11-30 17:22:14 Latest version is 1.0.3
2022-11-30 17:22:14 App is up to date.
2022-11-30 18:22:14 Checking for update using Github
2022-11-30 18:22:14 Success.
2022-11-30 18:22:14 Latest version is 1.0.3
2022-11-30 18:22:14 App is up to date.
2022-11-30 20:35:03 Loading main app package /tmp/.mount_ObsidiUjR4xT/resources/obsidian.asar
2022-11-30 20:35:04 Checking for update using Github
2022-11-30 20:35:04 Success.
2022-11-30 20:35:04 Latest version is 1.0.3
2022-11-30 20:35:04 App is up to date.
2022-11-30 21:35:03 Checking for update using Github
2022-11-30 21:35:04 Success.
2022-11-30 21:35:04 Latest version is 1.0.3
2022-11-30 21:35:04 App is up to date.
2022-11-30 22:35:04 Checking for update using Github
2022-11-30 22:35:04 Success.
2022-11-30 22:35:04 Latest version is 1.0.3
2022-11-30 22:35:04 App is up to date.
2022-11-30 23:35:04 Checking for update using Github
2022-11-30 23:35:04 Success.
2022-11-30 23:35:04 Latest version is 1.0.3
2022-11-30 23:35:04 App is up to date.
2022-12-01 00:35:04 Checking for update using Github
2022-12-01 00:35:04 Success.
2022-12-01 00:35:04 Latest version is 1.0.3
2022-12-01 00:35:04 App is up to date.
2022-12-01 01:35:04 Checking for update using Github
2022-12-01 01:35:04 Success.
2022-12-01 01:35:04 Latest version is 1.0.3
2022-12-01 01:35:04 App is up to date.
2022-12-01 13:27:30 Loading main app package /tmp/.mount_ObsidiJoZwau/resources/obsidian.asar
2022-12-01 13:27:31 Checking for update using Github
2022-12-01 13:27:32 Success.
2022-12-01 13:27:32 Latest version is 1.0.3
2022-12-01 13:27:32 App is up to date.
2022-12-01 14:27:31 Checking for update using Github
2022-12-01 14:27:31 Success.
2022-12-01 14:27:31 Latest version is 1.0.3
2022-12-01 14:27:31 App is up to date.
2022-12-01 16:42:18 Loading main app package /tmp/.mount_ObsidiPjaWz3/resources/obsidian.asar
2022-12-01 16:42:19 Checking for update using Github
2022-12-01 16:42:19 Success.
2022-12-01 16:42:19 Latest version is 1.0.3
2022-12-01 16:42:19 App is up to date.
2022-12-01 17:42:19 Checking for update using Github
2022-12-01 17:42:19 Success.
2022-12-01 17:42:19 Latest version is 1.0.3
2022-12-01 17:42:19 App is up to date.
2022-12-01 19:51:37 Loading main app package /tmp/.mount_ObsidiK47Q5w/resources/obsidian.asar
2022-12-01 19:51:38 Checking for update using Github
2022-12-01 19:51:38 Success.
2022-12-01 19:51:38 Latest version is 1.0.3
2022-12-01 19:51:38 App is up to date.
2022-12-01 20:51:37 Checking for update using Github
2022-12-01 20:51:37 Success.
2022-12-01 20:51:37 Latest version is 1.0.3
2022-12-01 20:51:37 App is up to date.
2022-12-01 21:51:37 Checking for update using Github
2022-12-01 21:51:37 Success.
2022-12-01 21:51:37 Latest version is 1.0.3
2022-12-01 21:51:37 App is up to date.
2022-12-02 12:56:25 Loading main app package /tmp/.mount_Obsidil61XHm/resources/obsidian.asar
2022-12-02 12:56:25 Checking for update using Github
2022-12-02 12:56:25 Success.
2022-12-02 12:56:25 Latest version is 1.0.3
2022-12-02 12:56:25 App is up to date.
2022-12-02 13:56:25 Checking for update using Github
2022-12-02 13:56:25 Success.
2022-12-02 13:56:25 Latest version is 1.0.3
2022-12-02 13:56:25 App is up to date.
2022-12-05 12:14:53 Loading main app package /tmp/.mount_ObsidiygO9wa/resources/obsidian.asar
2022-12-05 12:14:54 Checking for update using Github
2022-12-05 12:14:54 Success.
2022-12-05 12:14:54 Latest version is 1.0.3
2022-12-05 12:14:54 App is up to date.
2022-12-05 13:14:53 Checking for update using Github
2022-12-05 13:14:53 Success.
2022-12-05 13:14:53 Latest version is 1.0.3
2022-12-05 13:14:53 App is up to date.
2022-12-07 12:43:20 Loading main app package /tmp/.mount_ObsidihFJg5o/resources/obsidian.asar
2022-12-07 12:43:21 Checking for update using Github
2022-12-07 12:43:21 Success.
2022-12-07 12:43:21 Latest version is 1.0.3
2022-12-07 12:43:21 App is up to date.
2022-12-07 15:32:26 Loading main app package /tmp/.mount_ObsidiPPxYfR/resources/obsidian.asar
2022-12-07 15:32:27 Checking for update using Github
2022-12-07 15:32:27 Success.
2022-12-07 15:32:27 Latest version is 1.0.3
2022-12-07 15:32:27 App is up to date.
2022-12-07 16:32:27 Checking for update using Github
2022-12-07 16:32:27 Success.
2022-12-07 16:32:27 Latest version is 1.0.3
2022-12-07 16:32:27 App is up to date.
2022-12-07 17:32:27 Checking for update using Github
2022-12-07 17:32:27 Success.
2022-12-07 17:32:27 Latest version is 1.0.3
2022-12-07 17:32:27 App is up to date.
2022-12-07 18:32:27 Checking for update using Github
2022-12-07 18:32:27 Success.
2022-12-07 18:32:27 Latest version is 1.0.3
2022-12-07 18:32:27 App is up to date.
2022-12-07 19:45:39 Loading main app package /tmp/.mount_ObsididjQyC9/resources/obsidian.asar
2022-12-07 19:45:39 Checking for update using Github
2022-12-07 19:45:40 Success.
2022-12-07 19:45:40 Latest version is 1.0.3
2022-12-07 19:45:40 App is up to date.
2022-12-07 20:45:39 Checking for update using Github
2022-12-07 20:45:39 Success.
2022-12-07 20:45:39 Latest version is 1.0.3
2022-12-07 20:45:39 App is up to date.
2022-12-07 21:45:39 Checking for update using Github
2022-12-07 21:45:39 Success.
2022-12-07 21:45:39 Latest version is 1.0.3
2022-12-07 21:45:39 App is up to date.
2022-12-08 17:04:50 Loading main app package /tmp/.mount_Obsidi5wJkBR/resources/obsidian.asar
2022-12-08 17:04:50 Checking for update using Github
2022-12-08 17:04:50 Success.
2022-12-08 17:04:50 Latest version is 1.0.3
2022-12-08 17:04:50 App is up to date.
2022-12-08 18:04:50 Checking for update using Github
2022-12-08 18:04:50 Success.
2022-12-08 18:04:50 Latest version is 1.0.3
2022-12-08 18:04:50 App is up to date.
2022-12-08 22:02:21 Loading main app package /tmp/.mount_ObsidinGt3sw/resources/obsidian.asar
2022-12-08 22:02:22 Checking for update using Github
2022-12-08 22:02:22 Success.
2022-12-08 22:02:22 Latest version is 1.0.3
2022-12-08 22:02:22 App is up to date.
2022-12-08 23:02:21 Checking for update using Github
2022-12-08 23:02:21 Success.
2022-12-08 23:02:21 Latest version is 1.0.3
2022-12-08 23:02:21 App is up to date.
2022-12-09 08:27:31 Loading main app package /tmp/.mount_ObsidivIlVUZ/resources/obsidian.asar
2022-12-09 08:27:32 Checking for update using Github
2022-12-09 08:27:32 Success.
2022-12-09 08:27:32 Latest version is 1.0.3
2022-12-09 08:27:32 App is up to date.
2022-12-09 09:48:57 Loading main app package /tmp/.mount_ObsidiPfVpon/resources/obsidian.asar
2022-12-09 09:48:58 Checking for update using Github
2022-12-09 09:48:58 Success.
2022-12-09 09:48:58 Latest version is 1.0.3
2022-12-09 09:48:58 App is up to date.
2022-12-09 10:48:57 Checking for update using Github
2022-12-09 10:48:58 Success.
2022-12-09 10:48:58 Latest version is 1.0.3
2022-12-09 10:48:58 App is up to date.
2022-12-09 11:51:40 Loading main app package /tmp/.mount_ObsidiNVqmbe/resources/obsidian.asar
2022-12-09 11:51:41 Checking for update using Github
2022-12-09 11:51:41 Success.
2022-12-09 11:51:41 Latest version is 1.0.3
2022-12-09 11:51:41 App is up to date.
2022-12-12 15:49:56 Loading main app package /tmp/.mount_ObsidiVyPrw0/resources/obsidian.asar
2022-12-12 15:49:57 Checking for update using Github
2022-12-12 15:49:57 Success.
2022-12-12 15:49:57 Latest version is 1.0.3
2022-12-12 15:49:57 App is up to date.
2022-12-12 16:36:48 Loading main app package /tmp/.mount_ObsidiHcaPoR/resources/obsidian.asar
2022-12-12 16:36:48 Checking for update using Github
2022-12-12 16:36:48 Success.
2022-12-12 16:36:48 Latest version is 1.0.3
2022-12-12 16:36:48 App is up to date.
2022-12-12 23:17:47 Loading main app package /tmp/.mount_ObsidiDQ6EvJ/resources/obsidian.asar
2022-12-12 23:17:48 Checking for update using Github
2022-12-12 23:17:48 Success.
2022-12-12 23:17:48 Latest version is 1.0.3
2022-12-12 23:17:48 App is up to date.
2022-12-13 15:53:55 Loading main app package /tmp/.mount_ObsidiuKaStM/resources/obsidian.asar
2022-12-13 15:53:55 Checking for update using Github
2022-12-13 15:53:55 Success.
2022-12-13 15:53:55 Latest version is 1.0.3
2022-12-13 15:53:55 App is up to date.
2022-12-13 16:53:55 Checking for update using Github
2022-12-13 16:53:55 Success.
2022-12-13 16:53:55 Latest version is 1.0.3
2022-12-13 16:53:55 App is up to date.
2022-12-13 17:53:55 Checking for update using Github
2022-12-13 17:53:55 Success.
2022-12-13 17:53:55 Latest version is 1.0.3
2022-12-13 17:53:55 App is up to date.
2022-12-13 20:35:40 Loading main app package /tmp/.mount_ObsidiiCppVy/resources/obsidian.asar
2022-12-13 20:35:41 Checking for update using Github
2022-12-13 20:35:41 Success.
2022-12-13 20:35:41 Latest version is 1.0.3
2022-12-13 20:35:41 App is up to date.
2022-12-13 21:35:40 Checking for update using Github
2022-12-13 21:35:40 Success.
2022-12-13 21:35:40 Latest version is 1.0.3
2022-12-13 21:35:40 App is up to date.
2022-12-13 22:14:16 Loading main app package /tmp/.mount_ObsidiViAsNV/resources/obsidian.asar
2022-12-13 22:14:17 Checking for update using Github
2022-12-13 22:14:17 Success.
2022-12-13 22:14:17 Latest version is 1.0.3
2022-12-13 22:14:17 App is up to date.
2022-12-13 23:14:16 Checking for update using Github
2022-12-13 23:14:17 Success.
2022-12-13 23:14:17 Latest version is 1.0.3
2022-12-13 23:14:17 App is up to date.
2022-12-14 00:14:16 Checking for update using Github
2022-12-14 00:14:17 Success.
2022-12-14 00:14:17 Latest version is 1.0.3
2022-12-14 00:14:17 App is up to date.
2022-12-14 01:14:17 Checking for update using Github
2022-12-14 01:14:17 Success.
2022-12-14 01:14:17 Latest version is 1.0.3
2022-12-14 01:14:17 App is up to date.
2022-12-14 02:14:17 Checking for update using Github
2022-12-14 02:14:17 Success.
2022-12-14 02:14:17 Latest version is 1.0.3
2022-12-14 02:14:17 App is up to date.
2022-12-14 12:00:13 Loading main app package /tmp/.mount_Obsiditb60OC/resources/obsidian.asar
2022-12-14 12:00:14 Checking for update using Github
2022-12-14 12:00:14 Success.
2022-12-14 12:00:14 Latest version is 1.0.3
2022-12-14 12:00:14 App is up to date.
2022-12-14 13:00:13 Checking for update using Github
2022-12-14 13:00:13 Success.
2022-12-14 13:00:13 Latest version is 1.0.3
2022-12-14 13:00:13 App is up to date.
2022-12-14 14:50:11 Loading main app package /tmp/.mount_ObsidiYzM80I/resources/obsidian.asar
2022-12-14 14:50:12 Checking for update using Github
2022-12-14 14:50:12 Success.
2022-12-14 14:50:12 Latest version is 1.0.3
2022-12-14 14:50:12 App is up to date.
2022-12-14 15:50:12 Checking for update using Github
2022-12-14 15:50:12 Success.
2022-12-14 15:50:12 Latest version is 1.0.3
2022-12-14 15:50:12 App is up to date.
2022-12-14 16:50:12 Checking for update using Github
2022-12-14 16:50:12 Success.
2022-12-14 16:50:12 Latest version is 1.0.3
2022-12-14 16:50:12 App is up to date.
2022-12-14 21:32:50 Loading main app package /tmp/.mount_ObsidiiPFBiZ/resources/obsidian.asar
2022-12-14 21:32:51 Checking for update using Github
2022-12-14 21:32:51 Success.
2022-12-14 21:32:51 Latest version is 1.0.3
2022-12-14 21:32:51 App is up to date.
2022-12-14 22:32:51 Checking for update using Github
2022-12-14 22:32:51 Success.
2022-12-14 22:32:51 Latest version is 1.0.3
2022-12-14 22:32:51 App is up to date.
2022-12-15 12:13:16 Loading main app package /tmp/.mount_ObsidiOyMJ0c/resources/obsidian.asar
2022-12-15 12:13:16 Checking for update using Github
2022-12-15 12:13:16 Success.
2022-12-15 12:13:16 Latest version is 1.0.3
2022-12-15 12:13:16 App is up to date.
2022-12-15 14:13:35 Loading main app package /tmp/.mount_ObsidiwV36ZY/resources/obsidian.asar
2022-12-15 14:13:35 Checking for update using Github
2022-12-15 14:13:35 Success.
2022-12-15 14:13:35 Latest version is 1.0.3
2022-12-15 14:13:35 App is up to date.
2022-12-15 15:55:59 Loading main app package /tmp/.mount_ObsidiJ14UX6/resources/obsidian.asar
2022-12-15 15:56:00 Checking for update using Github
2022-12-15 15:56:00 Success.
2022-12-15 15:56:00 Latest version is 1.0.3
2022-12-15 15:56:00 App is up to date.
2022-12-15 16:55:59 Checking for update using Github
2022-12-15 16:55:59 Success.
2022-12-15 16:55:59 Latest version is 1.0.3
2022-12-15 16:55:59 App is up to date.
2022-12-15 17:26:03 Loading main app package /tmp/.mount_ObsidibtjvrL/resources/obsidian.asar
2022-12-15 17:26:04 Checking for update using Github
2022-12-15 17:26:04 Success.
2022-12-15 17:26:04 Latest version is 1.0.3
2022-12-15 17:26:04 App is up to date.
2022-12-15 18:26:03 Checking for update using Github
2022-12-15 18:26:03 Success.
2022-12-15 18:26:03 Latest version is 1.0.3
2022-12-15 18:26:03 App is up to date.
2022-12-15 19:26:03 Checking for update using Github
2022-12-15 19:26:04 Success.
2022-12-15 19:26:04 Latest version is 1.0.3
2022-12-15 19:26:04 App is up to date.
2022-12-16 07:47:27 Loading main app package /tmp/.mount_ObsidiSrlfDE/resources/obsidian.asar
2022-12-16 07:47:27 Checking for update using Github
2022-12-16 07:47:27 Success.
2022-12-16 07:47:27 Latest version is 1.0.3
2022-12-16 07:47:27 App is up to date.
2022-12-16 08:47:27 Checking for update using Github
2022-12-16 08:47:27 Success.
2022-12-16 08:47:27 Latest version is 1.0.3
2022-12-16 08:47:27 App is up to date.
2022-12-16 09:47:27 Checking for update using Github
2022-12-16 09:47:27 Success.
2022-12-16 09:47:27 Latest version is 1.0.3
2022-12-16 09:47:27 App is up to date.
2022-12-16 12:15:05 Loading main app package /tmp/.mount_ObsidiSBR9Ju/resources/obsidian.asar
2022-12-16 12:15:06 Checking for update using Github
2022-12-16 12:15:06 Success.
2022-12-16 12:15:06 Latest version is 1.0.3
2022-12-16 12:15:06 App is up to date.
2022-12-16 13:15:05 Checking for update using Github
2022-12-16 13:15:05 Success.
2022-12-16 13:15:05 Latest version is 1.0.3
2022-12-16 13:15:05 App is up to date.
2022-12-19 09:54:26 Loading main app package /tmp/.mount_ObsiditOixkC/resources/obsidian.asar
2022-12-19 09:54:27 Checking for update using Github
2022-12-19 09:54:27 Success.
2022-12-19 09:54:27 Latest version is 1.0.3
2022-12-19 09:54:27 App is up to date.
2022-12-19 10:58:50 Checking for update using Github
2022-12-19 10:58:50 Success.
2022-12-19 10:58:50 Latest version is 1.0.3
2022-12-19 10:58:50 App is up to date.
2022-12-19 17:14:03 Checking for update using Github
2022-12-19 17:14:03 Success.
2022-12-19 17:14:03 Latest version is 1.0.3
2022-12-19 17:14:03 App is up to date.
2022-12-19 18:26:09 Checking for update using Github
2022-12-19 18:26:09 Success.
2022-12-19 18:26:09 Latest version is 1.0.3
2022-12-19 18:26:09 App is up to date.
2022-12-20 11:40:16 Checking for update using Github
2022-12-20 11:40:16 Success.
2022-12-20 11:40:16 Latest version is 1.0.3
2022-12-20 11:40:16 App is up to date.
2022-12-20 12:40:16 Checking for update using Github
2022-12-20 12:40:16 Success.
2022-12-20 12:40:16 Latest version is 1.0.3
2022-12-20 12:40:16 App is up to date.
2022-12-20 13:40:16 Checking for update using Github
2022-12-20 13:40:16 Success.
2022-12-20 13:40:16 Latest version is 1.0.3
2022-12-20 13:40:16 App is up to date.
2022-12-20 15:16:39 Checking for update using Github
2022-12-20 15:16:39 Success.
2022-12-20 15:16:39 Latest version is 1.1.8
2022-12-20 15:16:39 Downloading update from https://github.com/obsidianmd/obsidian-releases/releases/download/v1.1.8/obsidian-1.1.8.asar.gz
2022-12-20 15:16:40 Verifying hash & signature. Size= 5753499
2022-12-20 15:16:40 Saving file
2022-12-20 15:16:40 Update complete.
2022-12-20 16:34:01 Checking for update using Github
2022-12-20 16:34:01 Success.
2022-12-20 16:34:01 Latest version is 1.1.8
2022-12-20 16:34:01 An update is already downloaded.
2022-12-20 17:34:01 Checking for update using Github
2022-12-20 17:34:02 Success.
2022-12-20 17:34:02 Latest version is 1.1.8
2022-12-20 17:34:02 An update is already downloaded.
2022-12-20 20:01:11 Checking for update using Github
2022-12-20 20:01:12 Success.
2022-12-20 20:01:12 Latest version is 1.1.8
2022-12-20 20:01:12 An update is already downloaded.
2022-12-20 21:01:11 Checking for update using Github
2022-12-20 21:01:11 Success.
2022-12-20 21:01:11 Latest version is 1.1.8
2022-12-20 21:01:11 An update is already downloaded.
2022-12-20 22:01:11 Checking for update using Github
2022-12-20 22:01:12 Success.
2022-12-20 22:01:12 Latest version is 1.1.8
2022-12-20 22:01:12 An update is already downloaded.
2022-12-20 23:01:12 Checking for update using Github
2022-12-20 23:01:12 Success.
2022-12-20 23:01:12 Latest version is 1.1.8
2022-12-20 23:01:12 An update is already downloaded.
2023-01-06 08:33:12 Loading updated app package /home/johannes/.config/obsidian/obsidian-1.1.8.asar
2023-01-06 08:33:13 Checking for update using Github
2023-01-06 08:33:13 Success.
2023-01-06 08:33:13 Latest version is 1.1.9
2023-01-06 08:33:13 Downloading update from https://github.com/obsidianmd/obsidian-releases/releases/download/v1.1.9/obsidian-1.1.9.asar.gz
2023-01-06 08:33:15 Verifying hash & signature. Size= 5753685
2023-01-06 08:33:15 Saving file
2023-01-06 08:33:15 Update complete.
2023-01-06 17:48:07 Checking for update using Github
2023-01-06 17:48:07 Success.
2023-01-06 17:48:07 Latest version is 1.1.9
2023-01-06 17:48:07 An update is already downloaded.
2023-01-06 19:12:33 Checking for update using Github
2023-01-06 19:12:33 Success.
2023-01-06 19:12:33 Latest version is 1.1.9
2023-01-06 19:12:33 An update is already downloaded.
2023-01-07 11:31:58 Loading updated app package /home/johannes/.config/obsidian/obsidian-1.1.9.asar
2023-01-07 11:31:59 Checking for update using Github
2023-01-07 11:31:59 Success.
2023-01-07 11:31:59 Latest version is 1.1.9
2023-01-07 11:31:59 App is up to date.
2023-01-07 13:29:45 Checking for update using Github
2023-01-07 13:29:45 Success.
2023-01-07 13:29:45 Latest version is 1.1.9
2023-01-07 13:29:45 App is up to date.
2023-01-07 16:27:14 Checking for update using Github
2023-01-07 16:27:14 Success.
2023-01-07 16:27:14 Latest version is 1.1.9
2023-01-07 16:27:14 App is up to date.
2023-01-07 20:55:02 Checking for update using Github
2023-01-07 20:55:02 Success.
2023-01-07 20:55:02 Latest version is 1.1.9
2023-01-07 20:55:02 App is up to date.
2023-01-07 21:55:03 Checking for update using Github
2023-01-07 21:55:03 Success.
2023-01-07 21:55:03 Latest version is 1.1.9
2023-01-07 21:55:03 App is up to date.
2023-01-09 16:50:51 Loading updated app package /home/johannes/.config/obsidian/obsidian-1.1.9.asar
2023-01-09 16:50:51 Checking for update using Github
2023-01-09 16:50:51 Success.
2023-01-09 16:50:51 Latest version is 1.1.9
2023-01-09 16:50:51 App is up to date.
2023-01-09 17:50:51 Checking for update using Github
2023-01-09 17:50:51 Success.
2023-01-09 17:50:51 Latest version is 1.1.9
2023-01-09 17:50:51 App is up to date.
2023-01-09 18:59:32 Checking for update using Github
2023-01-09 18:59:32 Success.
2023-01-09 18:59:32 Latest version is 1.1.9
2023-01-09 18:59:32 App is up to date.
2023-01-09 19:59:32 Checking for update using Github
2023-01-09 19:59:32 Success.
2023-01-09 19:59:32 Latest version is 1.1.9
2023-01-09 19:59:32 App is up to date.
2023-01-09 20:59:32 Checking for update using Github
2023-01-09 20:59:32 Success.
2023-01-09 20:59:32 Latest version is 1.1.9
2023-01-09 20:59:32 App is up to date.
2023-01-10 12:41:52 Loading updated app package /home/johannes/.config/obsidian/obsidian-1.1.9.asar
2023-01-10 12:41:53 Checking for update using Github
2023-01-10 12:41:53 Success.
2023-01-10 12:41:53 Latest version is 1.1.9
2023-01-10 12:41:53 App is up to date.
2023-01-10 13:41:57 Checking for update using Github
2023-01-10 13:41:57 Success.
2023-01-10 13:41:57 Latest version is 1.1.9
2023-01-10 13:41:57 App is up to date.
2023-01-10 15:22:58 Checking for update using Github
2023-01-10 15:22:58 Success.
2023-01-10 15:22:58 Latest version is 1.1.9
2023-01-10 15:22:58 App is up to date.
2023-01-10 16:23:02 Checking for update using Github
2023-01-10 16:23:02 Success.
2023-01-10 16:23:02 Latest version is 1.1.9
2023-01-10 16:23:02 App is up to date.
2023-01-10 17:26:57 Checking for update using Github
2023-01-10 17:26:57 Success.
2023-01-10 17:26:57 Latest version is 1.1.9
2023-01-10 17:26:57 App is up to date.
2023-01-10 18:38:30 Checking for update using Github
2023-01-10 18:38:30 Success.
2023-01-10 18:38:30 Latest version is 1.1.9
2023-01-10 18:38:30 App is up to date.
2023-01-10 22:58:18 Checking for update using Github
2023-01-10 22:58:19 Success.
2023-01-10 22:58:19 Latest version is 1.1.9
2023-01-10 22:58:19 App is up to date.
2023-01-10 23:58:18 Checking for update using Github
2023-01-10 23:58:19 Success.
2023-01-10 23:58:19 Latest version is 1.1.9
2023-01-10 23:58:19 App is up to date.
2023-01-11 19:07:07 Loading updated app package /home/johannes/.config/obsidian/obsidian-1.1.9.asar
2023-01-11 19:07:08 Checking for update using Github
2023-01-11 19:07:08 Success.
2023-01-11 19:07:08 Latest version is 1.1.9
2023-01-11 19:07:08 App is up to date.
2023-01-11 20:07:07 Checking for update using Github
2023-01-11 20:07:08 Success.
2023-01-11 20:07:08 Latest version is 1.1.9
2023-01-11 20:07:08 App is up to date.
2023-01-11 21:29:34 Checking for update using Github
2023-01-11 21:29:34 Success.
2023-01-11 21:29:34 Latest version is 1.1.9
2023-01-11 21:29:34 App is up to date.
2023-01-11 22:29:35 Checking for update using Github
2023-01-11 22:29:35 Success.
2023-01-11 22:29:35 Latest version is 1.1.9
2023-01-11 22:29:35 App is up to date.
2023-01-11 23:29:35 Checking for update using Github
2023-01-11 23:29:35 Success.
2023-01-11 23:29:35 Latest version is 1.1.9
2023-01-11 23:29:35 App is up to date.
2023-01-12 00:29:35 Checking for update using Github
2023-01-12 00:29:35 Success.
2023-01-12 00:29:35 Latest version is 1.1.9
2023-01-12 00:29:35 App is up to date.
2023-01-12 01:29:35 Checking for update using Github
2023-01-12 01:29:35 Success.
2023-01-12 01:29:35 Latest version is 1.1.9
2023-01-12 01:29:35 App is up to date.
2023-01-12 02:29:35 Checking for update using Github
2023-01-12 02:29:35 Success.
2023-01-12 02:29:35 Latest version is 1.1.9
2023-01-12 02:29:35 App is up to date.
2023-01-12 16:50:54 Checking for update using Github
2023-01-12 16:50:54 Success.
2023-01-12 16:50:54 Latest version is 1.1.9
2023-01-12 16:50:54 App is up to date.
2023-01-12 17:50:54 Checking for update using Github
2023-01-12 17:50:54 Success.
2023-01-12 17:50:54 Latest version is 1.1.9
2023-01-12 17:50:54 App is up to date.
2023-01-12 18:50:54 Checking for update using Github
2023-01-12 18:50:55 Success.
2023-01-12 18:50:55 Latest version is 1.1.9
2023-01-12 18:50:55 App is up to date.
2023-01-12 20:23:26 Checking for update using Github
2023-01-12 20:23:27 Success.
2023-01-12 20:23:27 Latest version is 1.1.9
2023-01-12 20:23:27 App is up to date.
2023-01-12 21:23:26 Checking for update using Github
2023-01-12 21:23:27 Success.
2023-01-12 21:23:27 Latest version is 1.1.9
2023-01-12 21:23:27 App is up to date.
2023-01-12 22:23:26 Checking for update using Github
2023-01-12 22:23:27 Success.
2023-01-12 22:23:27 Latest version is 1.1.9
2023-01-12 22:23:27 App is up to date.
2023-01-13 08:53:08 Loading updated app package /home/johannes/.config/obsidian/obsidian-1.1.9.asar
2023-01-13 08:53:09 Checking for update using Github
2023-01-13 08:53:09 Success.
2023-01-13 08:53:09 Latest version is 1.1.9
2023-01-13 08:53:09 App is up to date.
2023-01-13 16:48:17 Loading updated app package /home/johannes/.config/obsidian/obsidian-1.1.9.asar
2023-01-13 16:48:17 Checking for update using Github
2023-01-13 16:48:17 Success.
2023-01-13 16:48:17 Latest version is 1.1.9
2023-01-13 16:48:17 App is up to date.
2023-01-16 07:44:49 Loading updated app package /home/johannes/.config/obsidian/obsidian-1.1.9.asar
2023-01-16 07:44:50 Checking for update using Github
2023-01-16 07:44:50 Success.
2023-01-16 07:44:50 Latest version is 1.1.9
2023-01-16 07:44:50 App is up to date.
2023-01-16 08:44:49 Checking for update using Github
2023-01-16 08:44:50 Success.
2023-01-16 08:44:50 Latest version is 1.1.9
2023-01-16 08:44:50 App is up to date.
2023-01-16 09:44:50 Checking for update using Github
2023-01-16 09:44:50 Success.
2023-01-16 09:44:50 Latest version is 1.1.9
2023-01-16 09:44:50 App is up to date.
2023-01-16 10:44:50 Checking for update using Github
2023-01-16 10:44:50 Success.
2023-01-16 10:44:50 Latest version is 1.1.9
2023-01-16 10:44:50 App is up to date.
2023-01-16 11:44:50 Checking for update using Github
2023-01-16 11:44:50 Success.
2023-01-16 11:44:50 Latest version is 1.1.9
2023-01-16 11:44:50 App is up to date.
2023-01-16 16:23:05 Checking for update using Github
2023-01-16 16:23:05 Success.
2023-01-16 16:23:05 Latest version is 1.1.9
2023-01-16 16:23:05 App is up to date.
2023-01-16 17:23:05 Checking for update using Github
2023-01-16 17:23:05 Success.
2023-01-16 17:23:05 Latest version is 1.1.9
2023-01-16 17:23:05 App is up to date.
2023-01-16 19:34:34 Checking for update using Github
2023-01-16 19:34:34 Success.
2023-01-16 19:34:34 Latest version is 1.1.9
2023-01-16 19:34:34 App is up to date.
2023-01-16 20:34:34 Checking for update using Github
2023-01-16 20:34:35 Success.
2023-01-16 20:34:35 Latest version is 1.1.9
2023-01-16 20:34:35 App is up to date.
2023-01-16 21:34:34 Checking for update using Github
2023-01-16 21:34:34 Success.
2023-01-16 21:34:34 Latest version is 1.1.9
2023-01-16 21:34:34 App is up to date.
2023-01-16 22:34:34 Checking for update using Github
2023-01-16 22:34:35 Success.
2023-01-16 22:34:35 Latest version is 1.1.9
2023-01-16 22:34:35 App is up to date.
2023-01-16 23:34:35 Checking for update using Github
2023-01-16 23:34:35 Success.
2023-01-16 23:34:35 Latest version is 1.1.9
2023-01-16 23:34:35 App is up to date.
2023-01-17 11:25:09 Checking for update using Github
2023-01-17 11:25:09 Success.
2023-01-17 11:25:09 Latest version is 1.1.9
2023-01-17 11:25:09 App is up to date.
2023-01-17 15:57:41 Checking for update using Github
2023-01-17 15:57:41 Success.
2023-01-17 15:57:41 Latest version is 1.1.9
2023-01-17 15:57:41 App is up to date.
2023-01-17 17:06:44 Checking for update using Github
2023-01-17 17:06:44 Success.
2023-01-17 17:06:44 Latest version is 1.1.9
2023-01-17 17:06:44 App is up to date.
2023-01-17 19:55:13 Checking for update using Github
2023-01-17 19:55:13 Success.
2023-01-17 19:55:13 Latest version is 1.1.9
2023-01-17 19:55:13 App is up to date.
2023-01-17 21:22:48 Checking for update using Github
2023-01-17 21:22:48 Success.
2023-01-17 21:22:48 Latest version is 1.1.9
2023-01-17 21:22:48 App is up to date.
2023-01-17 22:22:48 Checking for update using Github
2023-01-17 22:22:48 Success.
2023-01-17 22:22:48 Latest version is 1.1.9
2023-01-17 22:22:48 App is up to date.
2023-01-17 23:22:48 Checking for update using Github
2023-01-17 23:22:48 Success.
2023-01-17 23:22:48 Latest version is 1.1.9
2023-01-17 23:22:48 App is up to date.
2023-01-18 10:59:27 Checking for update using Github
2023-01-18 10:59:27 Success.
2023-01-18 10:59:27 Latest version is 1.1.9
2023-01-18 10:59:27 App is up to date.
2023-01-18 11:59:27 Checking for update using Github
2023-01-18 11:59:27 Success.
2023-01-18 11:59:27 Latest version is 1.1.9
2023-01-18 11:59:27 App is up to date.
2023-01-18 12:59:28 Checking for update using Github
2023-01-18 12:59:28 Success.
2023-01-18 12:59:28 Latest version is 1.1.9
2023-01-18 12:59:28 App is up to date.
2023-01-18 16:07:14 Checking for update using Github
2023-01-18 16:07:14 Success.
2023-01-18 16:07:14 Latest version is 1.1.9
2023-01-18 16:07:14 App is up to date.
2023-01-18 17:07:14 Checking for update using Github
2023-01-18 17:07:14 Success.
2023-01-18 17:07:14 Latest version is 1.1.9
2023-01-18 17:07:14 App is up to date.
2023-01-19 09:04:30 Checking for update using Github
2023-01-19 09:04:31 Success.
2023-01-19 09:04:31 Latest version is 1.1.9
2023-01-19 09:04:31 App is up to date.
2023-01-19 10:04:30 Checking for update using Github
2023-01-19 10:04:31 Success.
2023-01-19 10:04:31 Latest version is 1.1.9
2023-01-19 10:04:31 App is up to date.
2023-01-19 11:04:31 Checking for update using Github
2023-01-19 11:04:31 Success.
2023-01-19 11:04:31 Latest version is 1.1.9
2023-01-19 11:04:31 App is up to date.
2023-01-19 12:07:28 Checking for update using Github
2023-01-19 12:07:28 Success.
2023-01-19 12:07:28 Latest version is 1.1.9
2023-01-19 12:07:28 App is up to date.
2023-01-19 14:45:11 Checking for update using Github
2023-01-19 14:45:11 Success.
2023-01-19 14:45:11 Latest version is 1.1.9
2023-01-19 14:45:11 App is up to date.
2023-01-19 17:26:10 Checking for update using Github
2023-01-19 17:26:10 Success.
2023-01-19 17:26:10 Latest version is 1.1.9
2023-01-19 17:26:10 App is up to date.
2023-01-19 18:51:25 Checking for update using Github
2023-01-19 18:51:25 Success.
2023-01-19 18:51:25 Latest version is 1.1.9
2023-01-19 18:51:25 App is up to date.
2023-01-20 15:22:51 Loading updated app package /home/johannes/.config/obsidian/obsidian-1.1.9.asar
2023-01-20 15:22:52 Checking for update using Github
2023-01-20 15:22:52 Success.
2023-01-20 15:22:52 Latest version is 1.1.9
2023-01-20 15:22:52 App is up to date.
2023-01-20 16:22:51 Checking for update using Github
2023-01-20 16:22:52 Success.
2023-01-20 16:22:52 Latest version is 1.1.9
2023-01-20 16:22:52 App is up to date.
2023-01-20 17:22:52 Checking for update using Github
2023-01-20 17:22:52 Success.
2023-01-20 17:22:52 Latest version is 1.1.9
2023-01-20 17:22:52 App is up to date.
2023-01-20 19:01:12 Checking for update using Github
2023-01-20 19:01:12 Success.
2023-01-20 19:01:12 Latest version is 1.1.9
2023-01-20 19:01:12 App is up to date.
2023-01-20 20:01:12 Checking for update using Github
2023-01-20 20:01:12 Success.
2023-01-20 20:01:12 Latest version is 1.1.9
2023-01-20 20:01:12 App is up to date.
2023-01-21 00:04:11 Checking for update using Github
2023-01-21 00:04:11 Success.
2023-01-21 00:04:11 Latest version is 1.1.9
2023-01-21 00:04:11 App is up to date.
2023-01-21 01:04:11 Checking for update using Github
2023-01-21 01:04:11 Success.
2023-01-21 01:04:11 Latest version is 1.1.9
2023-01-21 01:04:11 App is up to date.
2023-01-21 12:43:45 Checking for update using Github
2023-01-21 12:43:45 Success.
2023-01-21 12:43:45 Latest version is 1.1.9
2023-01-21 12:43:45 App is up to date.
2023-01-21 14:35:39 Checking for update using Github
2023-01-21 14:35:39 Success.
2023-01-21 14:35:39 Latest version is 1.1.9
2023-01-21 14:35:39 App is up to date.
2023-01-22 15:42:46 Checking for update using Github
2023-01-22 15:42:47 Success.
2023-01-22 15:42:47 Latest version is 1.1.9
2023-01-22 15:42:47 App is up to date.
2023-01-22 20:58:05 Checking for update using Github
2023-01-22 20:58:05 Success.
2023-01-22 20:58:05 Latest version is 1.1.9
2023-01-22 20:58:05 App is up to date.
2023-01-22 21:58:05 Checking for update using Github
2023-01-22 21:58:05 Success.
2023-01-22 21:58:05 Latest version is 1.1.9
2023-01-22 21:58:05 App is up to date.
2023-01-22 22:58:05 Checking for update using Github
2023-01-22 22:58:05 Success.
2023-01-22 22:58:05 Latest version is 1.1.9
2023-01-22 22:58:05 App is up to date.
2023-01-23 09:15:57 Checking for update using Github
2023-01-23 09:15:57 Success.
2023-01-23 09:15:57 Latest version is 1.1.9
2023-01-23 09:15:57 App is up to date.
2023-01-23 10:15:57 Checking for update using Github
2023-01-23 10:15:57 Success.
2023-01-23 10:15:57 Latest version is 1.1.9
2023-01-23 10:15:57 App is up to date.
2023-01-23 11:15:57 Checking for update using Github
2023-01-23 11:15:57 Success.
2023-01-23 11:15:57 Latest version is 1.1.9
2023-01-23 11:15:57 App is up to date.
2023-01-23 13:30:14 Checking for update using Github
2023-01-23 13:30:15 Success.
2023-01-23 13:30:15 Latest version is 1.1.9
2023-01-23 13:30:15 App is up to date.
2023-01-23 14:37:35 Checking for update using Github
2023-01-23 14:37:35 Success.
2023-01-23 14:37:35 Latest version is 1.1.9
2023-01-23 14:37:35 App is up to date.
2023-01-23 15:37:35 Checking for update using Github
2023-01-23 15:37:35 Success.
2023-01-23 15:37:35 Latest version is 1.1.9
2023-01-23 15:37:35 App is up to date.
2023-01-23 16:41:11 Checking for update using Github
2023-01-23 16:41:11 Success.
2023-01-23 16:41:11 Latest version is 1.1.9
2023-01-23 16:41:11 App is up to date.
2023-01-23 17:41:11 Checking for update using Github
2023-01-23 17:41:11 Success.
2023-01-23 17:41:11 Latest version is 1.1.9
2023-01-23 17:41:11 App is up to date.
2023-01-23 18:45:52 Checking for update using Github
2023-01-23 18:45:52 Success.
2023-01-23 18:45:52 Latest version is 1.1.9
2023-01-23 18:45:52 App is up to date.
2023-01-23 19:45:57 Checking for update using Github
2023-01-23 19:45:57 Success.
2023-01-23 19:45:57 Latest version is 1.1.9
2023-01-23 19:45:57 App is up to date.
2023-01-24 15:30:38 Checking for update using Github
2023-01-24 15:30:39 Success.
2023-01-24 15:30:39 Latest version is 1.1.9
2023-01-24 15:30:39 App is up to date.
2023-01-25 16:45:36 Loading updated app package /home/johannes/.config/obsidian/obsidian-1.1.9.asar
2023-01-25 16:45:36 Checking for update using Github
2023-01-25 16:45:36 Success.
2023-01-25 16:45:36 Latest version is 1.1.9
2023-01-25 16:45:36 App is up to date.
2023-01-25 17:45:36 Checking for update using Github
2023-01-25 17:45:36 Success.
2023-01-25 17:45:36 Latest version is 1.1.9
2023-01-25 17:45:36 App is up to date.
2023-01-25 18:51:04 Checking for update using Github
2023-01-25 18:51:04 Success.
2023-01-25 18:51:04 Latest version is 1.1.9
2023-01-25 18:51:04 App is up to date.
2023-01-25 19:51:04 Checking for update using Github
2023-01-25 19:51:05 Success.
2023-01-25 19:51:05 Latest version is 1.1.9
2023-01-25 19:51:05 App is up to date.
2023-01-25 20:51:04 Checking for update using Github
2023-01-25 20:51:05 Success.
2023-01-25 20:51:05 Latest version is 1.1.9
2023-01-25 20:51:05 App is up to date.
2023-01-25 21:51:04 Checking for update using Github
2023-01-25 21:51:05 Success.
2023-01-25 21:51:05 Latest version is 1.1.9
2023-01-25 21:51:05 App is up to date.
2023-01-25 22:51:05 Checking for update using Github
2023-01-25 22:51:05 Success.
2023-01-25 22:51:05 Latest version is 1.1.9
2023-01-25 22:51:05 App is up to date.
2023-01-25 23:51:04 Checking for update using Github
2023-01-25 23:51:05 Success.
2023-01-25 23:51:05 Latest version is 1.1.9
2023-01-25 23:51:05 App is up to date.
2023-01-26 08:53:26 Loading updated app package /home/johannes/.config/obsidian/obsidian-1.1.9.asar
2023-01-26 08:53:27 Checking for update using Github
2023-01-26 08:53:27 Success.
2023-01-26 08:53:27 Latest version is 1.1.9
2023-01-26 08:53:27 App is up to date.
2023-01-26 09:53:26 Checking for update using Github
2023-01-26 09:53:27 Success.
2023-01-26 09:53:27 Latest version is 1.1.9
2023-01-26 09:53:27 App is up to date.
2023-01-26 10:53:27 Checking for update using Github
2023-01-26 10:53:27 Success.
2023-01-26 10:53:27 Latest version is 1.1.9
2023-01-26 10:53:27 App is up to date.
2023-01-26 11:57:19 Checking for update using Github
2023-01-26 11:57:19 Success.
2023-01-26 11:57:19 Latest version is 1.1.9
2023-01-26 11:57:19 App is up to date.
2023-01-26 15:07:21 Checking for update using Github
2023-01-26 15:07:22 Success.
2023-01-26 15:07:22 Latest version is 1.1.9
2023-01-26 15:07:22 App is up to date.
2023-01-26 16:07:22 Checking for update using Github
2023-01-26 16:07:22 Success.
2023-01-26 16:07:22 Latest version is 1.1.9
2023-01-26 16:07:22 App is up to date.
2023-01-26 17:07:22 Checking for update using Github
2023-01-26 17:07:23 Success.
2023-01-26 17:07:23 Latest version is 1.1.9
2023-01-26 17:07:23 App is up to date.
2023-01-26 18:07:22 Checking for update using Github
2023-01-26 18:07:23 Success.
2023-01-26 18:07:23 Latest version is 1.1.9
2023-01-26 18:07:23 App is up to date.
2023-01-26 19:22:30 Checking for update using Github
2023-01-26 19:22:30 Success.
2023-01-26 19:22:30 Latest version is 1.1.9
2023-01-26 19:22:30 App is up to date.
2023-01-27 10:16:06 Loading updated app package /home/johannes/.config/obsidian/obsidian-1.1.9.asar
2023-01-27 10:16:06 Checking for update using Github
2023-01-27 10:16:07 Success.
2023-01-27 10:16:07 Latest version is 1.1.9
2023-01-27 10:16:07 App is up to date.
2023-01-27 11:16:06 Checking for update using Github
2023-01-27 11:16:06 Success.
2023-01-27 11:16:06 Latest version is 1.1.9
2023-01-27 11:16:06 App is up to date.
2023-01-27 12:16:06 Checking for update using Github
2023-01-27 12:16:06 Success.
2023-01-27 12:16:06 Latest version is 1.1.9
2023-01-27 12:16:06 App is up to date.
2023-01-27 21:00:56 Checking for update using Github
2023-01-27 21:00:56 Success.
2023-01-27 21:00:56 Latest version is 1.1.9
2023-01-27 21:00:56 App is up to date.
2023-01-27 22:00:57 Checking for update using Github
2023-01-27 22:00:57 Success.
2023-01-27 22:00:57 Latest version is 1.1.9
2023-01-27 22:00:57 App is up to date.
2023-01-27 23:01:05 Checking for update using Github
2023-01-27 23:01:05 Success.
2023-01-27 23:01:05 Latest version is 1.1.9
2023-01-27 23:01:05 App is up to date.
2023-01-28 00:01:05 Checking for update using Github
2023-01-28 00:01:05 Success.
2023-01-28 00:01:05 Latest version is 1.1.9
2023-01-28 00:01:05 App is up to date.
2023-01-28 15:02:43 Checking for update using Github
2023-01-28 15:02:43 Success.
2023-01-28 15:02:43 Latest version is 1.1.9
2023-01-28 15:02:43 App is up to date.
2023-01-28 16:02:43 Checking for update using Github
2023-01-28 16:02:44 Success.
2023-01-28 16:02:44 Latest version is 1.1.9
2023-01-28 16:02:44 App is up to date.
2023-01-28 17:24:40 Checking for update using Github
2023-01-28 17:24:40 Success.
2023-01-28 17:24:40 Latest version is 1.1.9
2023-01-28 17:24:40 App is up to date.
2023-01-28 18:24:40 Checking for update using Github
2023-01-28 18:24:40 Success.
2023-01-28 18:24:40 Latest version is 1.1.9
2023-01-28 18:24:40 App is up to date.
2023-01-30 12:34:22 Checking for update using Github
2023-01-30 12:34:23 Success.
2023-01-30 12:34:23 Latest version is 1.1.9
2023-01-30 12:34:23 App is up to date.
2023-01-30 13:34:39 Checking for update using Github
2023-01-30 13:34:39 Success.
2023-01-30 13:34:39 Latest version is 1.1.9
2023-01-30 13:34:39 App is up to date.
2023-01-30 14:44:41 Checking for update using Github
2023-01-30 14:44:41 Success.
2023-01-30 14:44:41 Latest version is 1.1.9
2023-01-30 14:44:41 App is up to date.
2023-01-30 17:45:42 Loading updated app package /home/johannes/.config/obsidian/obsidian-1.1.9.asar
2023-01-30 17:45:43 Checking for update using Github
2023-01-30 17:45:43 Success.
2023-01-30 17:45:43 Latest version is 1.1.9
2023-01-30 17:45:43 App is up to date.
2023-01-30 19:09:16 Checking for update using Github
2023-01-30 19:09:16 Success.
2023-01-30 19:09:16 Latest version is 1.1.9
2023-01-30 19:09:16 App is up to date.
2023-01-30 20:33:44 Checking for update using Github
2023-01-30 20:33:44 Success.
2023-01-30 20:33:44 Latest version is 1.1.9
2023-01-30 20:33:44 App is up to date.
2023-01-31 09:13:55 Loading updated app package /home/johannes/.config/obsidian/obsidian-1.1.9.asar
2023-01-31 09:13:56 Checking for update using Github
2023-01-31 09:13:56 Success.
2023-01-31 09:13:56 Latest version is 1.1.9
2023-01-31 09:13:56 App is up to date.
2023-01-31 10:25:31 Checking for update using Github
2023-01-31 10:25:31 Success.
2023-01-31 10:25:31 Latest version is 1.1.9
2023-01-31 10:25:31 App is up to date.
2023-01-31 11:33:10 Checking for update using Github
2023-01-31 11:33:11 Success.
2023-01-31 11:33:11 Latest version is 1.1.9
2023-01-31 11:33:11 App is up to date.
2023-01-31 16:08:42 Checking for update using Github
2023-01-31 16:08:42 Success.
2023-01-31 16:08:42 Latest version is 1.1.9
2023-01-31 16:08:42 App is up to date.
2023-01-31 20:13:42 Checking for update using Github
2023-01-31 20:13:43 Success.
2023-01-31 20:13:43 Latest version is 1.1.9
2023-01-31 20:13:43 App is up to date.
2023-01-31 21:13:43 Checking for update using Github
2023-01-31 21:13:43 Success.
2023-01-31 21:13:43 Latest version is 1.1.9
2023-01-31 21:13:43 App is up to date.
2023-01-31 22:13:43 Checking for update using Github
2023-01-31 22:13:43 Success.
2023-01-31 22:13:43 Latest version is 1.1.9
2023-01-31 22:13:43 App is up to date.
2023-01-31 23:13:43 Checking for update using Github
2023-01-31 23:13:43 Success.
2023-01-31 23:13:43 Latest version is 1.1.9
2023-01-31 23:13:43 App is up to date.
2023-02-01 00:13:43 Checking for update using Github
2023-02-01 00:13:43 Success.
2023-02-01 00:13:43 Latest version is 1.1.9
2023-02-01 00:13:43 App is up to date.
2023-02-01 01:13:43 Checking for update using Github
2023-02-01 01:13:43 Success.
2023-02-01 01:13:43 Latest version is 1.1.9
2023-02-01 01:13:43 App is up to date.
2023-02-01 16:07:35 Checking for update using Github
2023-02-01 16:07:35 Success.
2023-02-01 16:07:35 Latest version is 1.1.9
2023-02-01 16:07:35 App is up to date.
2023-02-01 17:07:35 Checking for update using Github
2023-02-01 17:07:35 Success.
2023-02-01 17:07:35 Latest version is 1.1.9
2023-02-01 17:07:35 App is up to date.
2023-02-01 18:07:35 Checking for update using Github
2023-02-01 18:07:35 Success.
2023-02-01 18:07:35 Latest version is 1.1.9
2023-02-01 18:07:35 App is up to date.
2023-02-01 19:08:49 Checking for update using Github
2023-02-01 19:08:49 Success.
2023-02-01 19:08:49 Latest version is 1.1.9
2023-02-01 19:08:49 App is up to date.
2023-02-01 20:29:55 Checking for update using Github
2023-02-01 20:29:55 Success.
2023-02-01 20:29:55 Latest version is 1.1.9
2023-02-01 20:29:55 App is up to date.
2023-02-01 21:29:55 Checking for update using Github
2023-02-01 21:29:55 Success.
2023-02-01 21:29:55 Latest version is 1.1.9
2023-02-01 21:29:55 App is up to date.
2023-02-01 22:29:55 Checking for update using Github
2023-02-01 22:29:55 Success.
2023-02-01 22:29:55 Latest version is 1.1.9
2023-02-01 22:29:55 App is up to date.
2023-02-01 23:29:55 Checking for update using Github
2023-02-01 23:29:55 Success.
2023-02-01 23:29:55 Latest version is 1.1.9
2023-02-01 23:29:55 App is up to date.
2023-02-02 15:49:13 Loading updated app package /home/johannes/.config/obsidian/obsidian-1.1.9.asar
2023-02-02 15:49:14 Checking for update using Github
2023-02-02 15:49:14 Success.
2023-02-02 15:49:14 Latest version is 1.1.9
2023-02-02 15:49:14 App is up to date.
2023-02-02 19:35:56 Checking for update using Github
2023-02-02 19:35:56 Success.
2023-02-02 19:35:56 Latest version is 1.1.9
2023-02-02 19:35:56 App is up to date.
2023-02-02 20:35:57 Checking for update using Github
2023-02-02 20:35:57 Success.
2023-02-02 20:35:57 Latest version is 1.1.9
2023-02-02 20:35:57 App is up to date.
2023-02-03 07:05:27 Checking for update using Github
2023-02-03 07:05:27 Success.
2023-02-03 07:05:27 Latest version is 1.1.9
2023-02-03 07:05:27 App is up to date.
2023-02-03 08:05:27 Checking for update using Github
2023-02-03 08:05:28 Success.
2023-02-03 08:05:28 Latest version is 1.1.9
2023-02-03 08:05:28 App is up to date.
2023-02-03 09:05:27 Checking for update using Github
2023-02-03 09:05:28 Success.
2023-02-03 09:05:28 Latest version is 1.1.9
2023-02-03 09:05:28 App is up to date.
2023-02-03 10:05:27 Checking for update using Github
2023-02-03 10:05:28 Success.
2023-02-03 10:05:28 Latest version is 1.1.9
2023-02-03 10:05:28 App is up to date.
2023-02-03 11:05:28 Checking for update using Github
2023-02-03 11:05:28 Success.
2023-02-03 11:05:28 Latest version is 1.1.9
2023-02-03 11:05:28 App is up to date.
2023-02-03 13:55:43 Checking for update using Github
2023-02-03 13:55:43 Success.
2023-02-03 13:55:43 Latest version is 1.1.9
2023-02-03 13:55:43 App is up to date.
2023-02-03 15:00:31 Checking for update using Github
2023-02-03 15:00:31 Success.
2023-02-03 15:00:31 Latest version is 1.1.9
2023-02-03 15:00:31 App is up to date.
2023-02-03 16:00:31 Checking for update using Github
2023-02-03 16:00:31 Success.
2023-02-03 16:00:31 Latest version is 1.1.9
2023-02-03 16:00:31 App is up to date.
2023-02-03 17:00:31 Checking for update using Github
2023-02-03 17:00:32 Success.
2023-02-03 17:00:32 Latest version is 1.1.9
2023-02-03 17:00:32 App is up to date.
2023-02-03 18:00:31 Checking for update using Github
2023-02-03 18:00:32 Success.
2023-02-03 18:00:32 Latest version is 1.1.9
2023-02-03 18:00:32 App is up to date.
2023-02-03 19:00:31 Checking for update using Github
2023-02-03 19:00:32 Success.
2023-02-03 19:00:32 Latest version is 1.1.9
2023-02-03 19:00:32 App is up to date.
2023-02-03 20:00:32 Checking for update using Github
2023-02-03 20:00:32 Success.
2023-02-03 20:00:32 Latest version is 1.1.9
2023-02-03 20:00:32 App is up to date.
2023-02-05 18:57:58 Loading updated app package /home/johannes/.config/obsidian/obsidian-1.1.9.asar
2023-02-05 18:57:59 Checking for update using Github
2023-02-05 18:57:59 Success.
2023-02-05 18:57:59 Latest version is 1.1.9
2023-02-05 18:57:59 App is up to date.
2023-02-05 19:57:58 Checking for update using Github
2023-02-05 19:57:58 Success.
2023-02-05 19:57:58 Latest version is 1.1.9
2023-02-05 19:57:58 App is up to date.
2023-02-05 20:57:58 Checking for update using Github
2023-02-05 20:57:59 Success.
2023-02-05 20:57:59 Latest version is 1.1.9
2023-02-05 20:57:59 App is up to date.
2023-02-06 08:30:50 Checking for update using Github
2023-02-06 08:30:50 Success.
2023-02-06 08:30:50 Latest version is 1.1.9
2023-02-06 08:30:50 App is up to date.
2023-02-06 09:30:50 Checking for update using Github
2023-02-06 09:30:50 Success.
2023-02-06 09:30:50 Latest version is 1.1.9
2023-02-06 09:30:50 App is up to date.
2023-02-06 10:30:50 Checking for update using Github
2023-02-06 10:30:50 Success.
2023-02-06 10:30:50 Latest version is 1.1.9
2023-02-06 10:30:50 App is up to date.
2023-02-06 11:30:50 Checking for update using Github
2023-02-06 11:30:50 Success.
2023-02-06 11:30:50 Latest version is 1.1.9
2023-02-06 11:30:50 App is up to date.
2023-02-06 12:30:50 Checking for update using Github
2023-02-06 12:30:50 Success.
2023-02-06 12:30:50 Latest version is 1.1.9
2023-02-06 12:30:50 App is up to date.
2023-02-07 07:22:27 Checking for update using Github
2023-02-07 07:22:27 Success.
2023-02-07 07:22:27 Latest version is 1.1.9
2023-02-07 07:22:27 App is up to date.
2023-02-07 12:42:05 Loading updated app package /home/johannes/.config/obsidian/obsidian-1.1.9.asar
2023-02-07 12:42:05 Checking for update using Github
2023-02-07 12:42:06 Success.
2023-02-07 12:42:06 Latest version is 1.1.9
2023-02-07 12:42:06 App is up to date.
2023-02-07 13:42:05 Checking for update using Github
2023-02-07 13:42:05 Success.
2023-02-07 13:42:05 Latest version is 1.1.9
2023-02-07 13:42:05 App is up to date.
2023-02-07 15:58:36 Checking for update using Github
2023-02-07 15:58:36 Success.
2023-02-07 15:58:36 Latest version is 1.1.9
2023-02-07 15:58:36 App is up to date.
2023-02-07 16:58:36 Checking for update using Github
2023-02-07 16:58:36 Success.
2023-02-07 16:58:36 Latest version is 1.1.9
2023-02-07 16:58:36 App is up to date.
2023-02-07 19:37:21 Checking for update using Github
2023-02-07 19:37:21 Success.
2023-02-07 19:37:21 Latest version is 1.1.9
2023-02-07 19:37:21 App is up to date.
2023-02-07 20:37:21 Checking for update using Github
2023-02-07 20:37:21 Success.
2023-02-07 20:37:21 Latest version is 1.1.9
2023-02-07 20:37:21 App is up to date.
2023-02-07 21:37:21 Checking for update using Github
2023-02-07 21:37:21 Success.
2023-02-07 21:37:21 Latest version is 1.1.9
2023-02-07 21:37:21 App is up to date.
2023-02-08 08:19:27 Loading updated app package /home/johannes/.config/obsidian/obsidian-1.1.9.asar
2023-02-08 08:19:27 Checking for update using Github
2023-02-08 08:19:27 Success.
2023-02-08 08:19:27 Latest version is 1.1.9
2023-02-08 08:19:27 App is up to date.
2023-02-08 09:19:33 Checking for update using Github
2023-02-08 09:19:33 Success.
2023-02-08 09:19:33 Latest version is 1.1.9
2023-02-08 09:19:33 App is up to date.
2023-02-08 10:19:38 Checking for update using Github
2023-02-08 10:19:38 Success.
2023-02-08 10:19:38 Latest version is 1.1.9
2023-02-08 10:19:38 App is up to date.
2023-02-08 11:19:38 Checking for update using Github
2023-02-08 11:19:38 Success.
2023-02-08 11:19:38 Latest version is 1.1.9
2023-02-08 11:19:38 App is up to date.
2023-02-08 15:07:53 Checking for update using Github
2023-02-08 15:07:54 Success.
2023-02-08 15:07:54 Latest version is 1.1.9
2023-02-08 15:07:54 App is up to date.
2023-02-08 19:08:18 Checking for update using Github
2023-02-08 19:08:18 Success.
2023-02-08 19:08:18 Latest version is 1.1.9
2023-02-08 19:08:18 App is up to date.
2023-02-08 20:22:51 Checking for update using Github
2023-02-08 20:22:51 Success.
2023-02-08 20:22:51 Latest version is 1.1.9
2023-02-08 20:22:51 App is up to date.
2023-02-08 21:22:51 Checking for update using Github
2023-02-08 21:22:52 Success.
2023-02-08 21:22:52 Latest version is 1.1.9
2023-02-08 21:22:52 App is up to date.
2023-02-08 22:22:51 Checking for update using Github
2023-02-08 22:22:52 Success.
2023-02-08 22:22:52 Latest version is 1.1.9
2023-02-08 22:22:52 App is up to date.
2023-02-09 07:59:34 Loading updated app package /home/johannes/.config/obsidian/obsidian-1.1.9.asar
2023-02-09 07:59:35 Checking for update using Github
2023-02-09 07:59:36 Success.
2023-02-09 07:59:36 Latest version is 1.1.9
2023-02-09 07:59:36 App is up to date.
2023-02-09 08:59:35 Checking for update using Github
2023-02-09 08:59:35 Success.
2023-02-09 08:59:35 Latest version is 1.1.9
2023-02-09 08:59:35 App is up to date.
2023-02-09 09:59:35 Checking for update using Github
2023-02-09 09:59:35 Success.
2023-02-09 09:59:35 Latest version is 1.1.9
2023-02-09 09:59:35 App is up to date.
2023-02-09 11:03:39 Checking for update using Github
2023-02-09 11:03:39 Success.
2023-02-09 11:03:39 Latest version is 1.1.9
2023-02-09 11:03:39 App is up to date.
2023-02-09 12:03:39 Checking for update using Github
2023-02-09 12:03:39 Success.
2023-02-09 12:03:39 Latest version is 1.1.9
2023-02-09 12:03:39 App is up to date.
2023-02-09 13:03:39 Checking for update using Github
2023-02-09 13:03:39 Success.
2023-02-09 13:03:39 Latest version is 1.1.9
2023-02-09 13:03:39 App is up to date.
2023-02-10 11:01:16 Checking for update using Github
2023-02-10 11:01:16 Success.
2023-02-10 11:01:16 Latest version is 1.1.9
2023-02-10 11:01:16 App is up to date.
2023-02-10 14:31:09 Checking for update using Github
2023-02-10 14:31:10 Success.
2023-02-10 14:31:10 Latest version is 1.1.9
2023-02-10 14:31:10 App is up to date.
2023-02-10 18:13:01 Checking for update using Github
2023-02-10 18:13:01 Success.
2023-02-10 18:13:01 Latest version is 1.1.9
2023-02-10 18:13:01 App is up to date.
2023-02-11 09:42:31 Checking for update using Github
2023-02-11 09:42:31 Success.
2023-02-11 09:42:31 Latest version is 1.1.9
2023-02-11 09:42:31 App is up to date.
2023-02-11 11:50:39 Checking for update using Github
2023-02-11 11:50:40 Success.
2023-02-11 11:50:40 Latest version is 1.1.9
2023-02-11 11:50:40 App is up to date.
2023-02-11 12:50:39 Checking for update using Github
2023-02-11 12:50:40 Success.
2023-02-11 12:50:40 Latest version is 1.1.9
2023-02-11 12:50:40 App is up to date.
2023-02-11 13:50:39 Checking for update using Github
2023-02-11 13:50:40 Success.
2023-02-11 13:50:40 Latest version is 1.1.9
2023-02-11 13:50:40 App is up to date.
2023-02-11 17:36:41 Checking for update using Github
2023-02-11 17:36:41 Success.
2023-02-11 17:36:41 Latest version is 1.1.9
2023-02-11 17:36:41 App is up to date.
2023-02-11 20:50:25 Checking for update using Github
2023-02-11 20:50:25 Success.
2023-02-11 20:50:25 Latest version is 1.1.9
2023-02-11 20:50:25 App is up to date.
2023-02-11 21:57:19 Checking for update using Github
2023-02-11 21:57:19 Success.
2023-02-11 21:57:19 Latest version is 1.1.9
2023-02-11 21:57:19 App is up to date.
2023-02-11 23:52:49 Loading updated app package /home/johannes/.config/obsidian/obsidian-1.1.9.asar
2023-02-11 23:52:49 Checking for update using Github
2023-02-11 23:52:50 Success.
2023-02-11 23:52:50 Latest version is 1.1.9
2023-02-11 23:52:50 App is up to date.
2023-02-12 17:27:00 Loading updated app package /home/johannes/.config/obsidian/obsidian-1.1.9.asar
2023-02-12 17:27:00 Checking for update using Github
2023-02-12 17:27:00 Failed to check for update using Github (net::ERR_INTERNET_DISCONNECTED)
2023-02-12 17:27:00 Checking for update using obsidian.md
2023-02-12 17:27:00 Failed to check for update using obsidian.md (net::ERR_INTERNET_DISCONNECTED)
2023-02-12 19:16:07 Checking for update using Github
2023-02-12 19:16:07 Success.
2023-02-12 19:16:07 Latest version is 1.1.9
2023-02-12 19:16:07 App is up to date.
2023-02-12 20:21:19 Checking for update using Github
2023-02-12 20:21:19 Success.
2023-02-12 20:21:19 Latest version is 1.1.9
2023-02-12 20:21:19 App is up to date.
2023-02-12 21:21:20 Checking for update using Github
2023-02-12 21:21:20 Success.
2023-02-12 21:21:20 Latest version is 1.1.9
2023-02-12 21:21:20 App is up to date.
2023-02-14 11:26:27 Loading updated app package /home/johannes/.config/obsidian/obsidian-1.1.9.asar
2023-02-14 11:26:28 Checking for update using Github
2023-02-14 11:26:33 Success.
2023-02-14 11:26:33 Latest version is 1.1.9
2023-02-14 11:26:33 App is up to date.
2023-02-14 12:30:35 Checking for update using Github
2023-02-14 12:30:35 Success.
2023-02-14 12:30:35 Latest version is 1.1.9
2023-02-14 12:30:35 App is up to date.
2023-02-14 13:30:36 Checking for update using Github
2023-02-14 13:30:36 Success.
2023-02-14 13:30:36 Latest version is 1.1.9
2023-02-14 13:30:36 App is up to date.
2023-02-14 14:30:36 Checking for update using Github
2023-02-14 14:30:36 Success.
2023-02-14 14:30:36 Latest version is 1.1.9
2023-02-14 14:30:36 App is up to date.
2023-02-14 15:47:26 Loading updated app package /home/johannes/.config/obsidian/obsidian-1.1.9.asar
2023-02-14 15:47:27 Checking for update using Github
2023-02-14 15:47:27 Success.
2023-02-14 15:47:27 Latest version is 1.1.9
2023-02-14 15:47:27 App is up to date.
2023-02-14 17:10:35 Checking for update using Github
2023-02-14 17:10:35 Success.
2023-02-14 17:10:35 Latest version is 1.1.9
2023-02-14 17:10:35 App is up to date.
2023-02-14 18:24:45 Checking for update using Github
2023-02-14 18:24:45 Success.
2023-02-14 18:24:45 Latest version is 1.1.9
2023-02-14 18:24:45 App is up to date.
2023-02-14 19:29:17 Checking for update using Github
2023-02-14 19:29:18 Success.
2023-02-14 19:29:18 Latest version is 1.1.9
2023-02-14 19:29:18 App is up to date.
2023-02-14 20:29:18 Checking for update using Github
2023-02-14 20:29:19 Success.
2023-02-14 20:29:19 Latest version is 1.1.9
2023-02-14 20:29:19 App is up to date.
2023-02-14 22:02:29 Checking for update using Github
2023-02-14 22:02:29 Success.
2023-02-14 22:02:29 Latest version is 1.1.9
2023-02-14 22:02:29 App is up to date.
2023-02-15 00:59:01 Checking for update using Github
2023-02-15 00:59:01 Success.
2023-02-15 00:59:01 Latest version is 1.1.9
2023-02-15 00:59:01 App is up to date.
2023-02-15 09:57:07 Checking for update using Github
2023-02-15 09:57:07 Success.
2023-02-15 09:57:07 Latest version is 1.1.9
2023-02-15 09:57:07 App is up to date.
2023-02-15 10:57:07 Checking for update using Github
2023-02-15 10:57:08 Success.
2023-02-15 10:57:08 Latest version is 1.1.9
2023-02-15 10:57:08 App is up to date.
2023-02-15 11:49:39 Loading updated app package /home/johannes/.config/obsidian/obsidian-1.1.9.asar
2023-02-15 11:49:39 Checking for update using Github
2023-02-15 11:49:40 Success.
2023-02-15 11:49:40 Latest version is 1.1.9
2023-02-15 11:49:40 App is up to date.
2023-02-15 12:49:39 Checking for update using Github
2023-02-15 12:49:39 Success.
2023-02-15 12:49:39 Latest version is 1.1.9
2023-02-15 12:49:39 App is up to date.
2023-02-15 13:49:39 Checking for update using Github
2023-02-15 13:49:39 Success.
2023-02-15 13:49:39 Latest version is 1.1.9
2023-02-15 13:49:39 App is up to date.
2023-02-15 17:48:16 Checking for update using Github
2023-02-15 17:48:16 Success.
2023-02-15 17:48:16 Latest version is 1.1.9
2023-02-15 17:48:16 App is up to date.
2023-02-15 23:34:47 Checking for update using Github
2023-02-15 23:34:48 Success.
2023-02-15 23:34:48 Latest version is 1.1.9
2023-02-15 23:34:48 App is up to date.
2023-02-16 11:11:45 Checking for update using Github
2023-02-16 11:11:45 Success.
2023-02-16 11:11:45 Latest version is 1.1.9
2023-02-16 11:11:45 App is up to date.
2023-02-16 12:11:45 Checking for update using Github
2023-02-16 12:11:45 Success.
2023-02-16 12:11:45 Latest version is 1.1.9
2023-02-16 12:11:45 App is up to date.
2023-02-16 14:08:50 Checking for update using Github
2023-02-16 14:08:50 Success.
2023-02-16 14:08:50 Latest version is 1.1.9
2023-02-16 14:08:50 App is up to date.
2023-02-16 15:23:17 Checking for update using Github
2023-02-16 15:23:17 Success.
2023-02-16 15:23:17 Latest version is 1.1.9
2023-02-16 15:23:17 App is up to date.
2023-02-16 16:23:17 Checking for update using Github
2023-02-16 16:23:17 Success.
2023-02-16 16:23:17 Latest version is 1.1.9
2023-02-16 16:23:17 App is up to date.
2023-02-17 04:34:51 Checking for update using Github
2023-02-17 04:34:51 Success.
2023-02-17 04:34:51 Latest version is 1.1.9
2023-02-17 04:34:51 App is up to date.
2023-02-17 05:34:51 Checking for update using Github
2023-02-17 05:34:51 Success.
2023-02-17 05:34:51 Latest version is 1.1.9
2023-02-17 05:34:51 App is up to date.
2023-02-17 06:34:55 Checking for update using Github
2023-02-17 06:34:55 Success.
2023-02-17 06:34:55 Latest version is 1.1.9
2023-02-17 06:34:55 App is up to date.
2023-02-17 16:02:43 Checking for update using Github
2023-02-17 16:02:43 Success.
2023-02-17 16:02:43 Latest version is 1.1.9
2023-02-17 16:02:43 App is up to date.
2023-02-17 22:26:42 Checking for update using Github
2023-02-17 22:26:42 Success.
2023-02-17 22:26:42 Latest version is 1.1.9
2023-02-17 22:26:42 App is up to date.
2023-02-17 23:26:42 Checking for update using Github
2023-02-17 23:26:42 Success.
2023-02-17 23:26:42 Latest version is 1.1.9
2023-02-17 23:26:42 App is up to date.
2023-02-18 11:40:43 Checking for update using Github
2023-02-18 11:40:43 Success.
2023-02-18 11:40:43 Latest version is 1.1.9
2023-02-18 11:40:43 App is up to date.
2023-02-18 12:40:43 Checking for update using Github
2023-02-18 12:40:43 Success.
2023-02-18 12:40:43 Latest version is 1.1.9
2023-02-18 12:40:43 App is up to date.
2023-02-18 14:19:57 Checking for update using Github
2023-02-18 14:19:58 Success.
2023-02-18 14:19:58 Latest version is 1.1.9
2023-02-18 14:19:58 App is up to date.
2023-02-18 15:19:57 Checking for update using Github
2023-02-18 15:19:57 Success.
2023-02-18 15:19:57 Latest version is 1.1.9
2023-02-18 15:19:57 App is up to date.
2023-02-18 16:46:07 Checking for update using Github
2023-02-18 16:46:07 Success.
2023-02-18 16:46:07 Latest version is 1.1.9
2023-02-18 16:46:07 App is up to date.
2023-04-13 19:24:02 Loading updated app package /home/johannes/.config/obsidian/obsidian-1.1.9.asar
2023-04-13 19:24:03 Checking for update using Github
2023-04-13 19:24:03 Success.
2023-04-13 19:24:03 Latest version is 1.1.16
2023-04-13 19:24:03 Downloading update from https://github.com/obsidianmd/obsidian-releases/releases/download/v1.1.16/obsidian-1.1.16.asar.gz
2023-04-13 19:24:06 Verifying hash & signature. Size= 5766915
2023-04-13 19:24:06 Saving file
2023-04-13 19:24:06 Update complete.
2023-04-13 20:24:02 Checking for update using Github
2023-04-13 20:24:03 Success.
2023-04-13 20:24:03 Latest version is 1.1.16
2023-04-13 20:24:03 An update is already downloaded.
2023-04-13 21:26:21 Checking for update using Github
2023-04-13 21:26:21 Success.
2023-04-13 21:26:21 Latest version is 1.1.16
2023-04-13 21:26:21 An update is already downloaded.
2023-04-13 22:26:21 Checking for update using Github
2023-04-13 22:26:21 Success.
2023-04-13 22:26:21 Latest version is 1.1.16
2023-04-13 22:26:21 An update is already downloaded.
2023-04-15 19:57:48 Checking for update using Github
2023-04-15 19:57:48 Success.
2023-04-15 19:57:48 Latest version is 1.1.16
2023-04-15 19:57:48 An update is already downloaded.
2023-04-16 00:34:20 Checking for update using Github
2023-04-16 00:34:20 Success.
2023-04-16 00:34:20 Latest version is 1.1.16
2023-04-16 00:34:20 An update is already downloaded.
2023-04-16 12:41:37 Checking for update using Github
2023-04-16 12:41:37 Success.
2023-04-16 12:41:37 Latest version is 1.1.16
2023-04-16 12:41:37 An update is already downloaded.
2023-04-16 13:41:37 Checking for update using Github
2023-04-16 13:41:37 Success.
2023-04-16 13:41:37 Latest version is 1.1.16
2023-04-16 13:41:37 An update is already downloaded.
2023-04-16 14:41:37 Checking for update using Github
2023-04-16 14:41:38 Success.
2023-04-16 14:41:38 Latest version is 1.1.16
2023-04-16 14:41:38 An update is already downloaded.
2023-04-16 15:41:37 Checking for update using Github
2023-04-16 15:41:38 Success.
2023-04-16 15:41:38 Latest version is 1.1.16
2023-04-16 15:41:38 An update is already downloaded.
2023-04-16 16:41:38 Checking for update using Github
2023-04-16 16:41:38 Success.
2023-04-16 16:41:38 Latest version is 1.1.16
2023-04-16 16:41:38 An update is already downloaded.
2023-04-16 18:20:56 Checking for update using Github
2023-04-16 18:20:56 Success.
2023-04-16 18:20:56 Latest version is 1.1.16
2023-04-16 18:20:56 An update is already downloaded.
2023-04-18 15:09:01 Loading updated app package /home/johannes/.config/obsidian/obsidian-1.1.16.asar
2023-04-18 15:09:01 Checking for update using Github
2023-04-18 15:09:02 Success.
2023-04-18 15:09:02 Latest version is 1.1.16
2023-04-18 15:09:02 App is up to date.
2023-04-18 23:25:17 Checking for update using Github
2023-04-18 23:25:18 Success.
2023-04-18 23:25:18 Latest version is 1.1.16
2023-04-18 23:25:18 App is up to date.
2023-04-20 07:23:37 Checking for update using Github
2023-04-20 07:23:37 Success.
2023-04-20 07:23:37 Latest version is 1.1.16
2023-04-20 07:23:37 App is up to date.
2023-05-14 12:50:31 Loading updated app package /home/johannes/.config/obsidian/obsidian-1.1.16.asar
2023-05-14 12:50:31 Checking for update using Github
2023-05-14 12:50:32 Success.
2023-05-14 12:50:32 Latest version is 1.2.8
2023-05-14 12:50:32 Downloading update from https://github.com/obsidianmd/obsidian-releases/releases/download/v1.2.8/obsidian-1.2.8.asar.gz
2023-05-14 12:50:33 Verifying hash & signature. Size= 6033374
2023-05-14 12:50:33 Saving file
2023-05-14 12:50:34 Update complete.
2023-05-14 12:50:41 Loading updated app package /home/johannes/.config/obsidian/obsidian-1.2.8.asar
2023-05-14 12:50:42 Checking for update using Github
2023-05-14 12:50:42 Success.
2023-05-14 12:50:42 Latest version is 1.2.8
2023-05-14 12:50:42 App is up to date.
2023-05-18 22:47:02 Loading updated app package /home/johannes/.config/obsidian/obsidian-1.2.8.asar
2023-05-18 22:47:03 Checking for update using Github
2023-05-18 22:47:03 Success.
2023-05-18 22:47:03 Latest version is 1.2.8
2023-05-18 22:47:03 App is up to date.
2023-05-19 16:02:28 Loading updated app package /home/johannes/.config/obsidian/obsidian-1.2.8.asar
2023-05-19 16:02:28 Checking for update using Github
2023-05-19 16:02:29 Success.
2023-05-19 16:02:29 Latest version is 1.2.8
2023-05-19 16:02:29 App is up to date.
2023-06-13 10:56:24 Loading updated app package /home/johannes/.config/obsidian/obsidian-1.2.8.asar
2023-06-13 10:56:25 Checking for update using Github
2023-06-13 10:56:25 Success.
2023-06-13 10:56:25 Latest version is 1.3.5
2023-06-13 10:56:25 Downloading update from https://github.com/obsidianmd/obsidian-releases/releases/download/v1.3.5/obsidian-1.3.5.asar.gz
2023-06-13 10:56:26 Verifying hash & signature. Size= 7610287
2023-06-13 10:56:26 Saving file
2023-06-13 10:56:26 Update complete.
2023-06-18 21:05:40 Loading updated app package /home/johannes/.config/obsidian/obsidian-1.3.5.asar
2023-06-18 21:05:41 Checking for update using Github
2023-06-18 21:05:41 Success.
2023-06-18 21:05:41 Latest version is 1.3.5
2023-06-18 21:05:41 App is up to date.
2023-06-20 17:08:00 Loading updated app package /home/johannes/.config/obsidian/obsidian-1.3.5.asar
2023-06-20 17:08:01 Checking for update using Github
2023-06-20 17:08:01 Success.
2023-06-20 17:08:01 Latest version is 1.3.5
2023-06-20 17:08:01 App is up to date.
2023-06-26 10:50:45 Loading updated app package /home/johannes/.config/obsidian/obsidian-1.3.5.asar
2023-06-26 10:50:46 Checking for update using Github
2023-06-26 10:50:46 Success.
2023-06-26 10:50:46 Latest version is 1.3.5
2023-06-26 10:50:46 App is up to date.
2023-06-26 13:18:20 Checking for update using Github
2023-06-26 13:18:35 Success.
2023-06-26 13:18:35 Latest version is 1.3.5
2023-06-26 13:18:35 App is up to date.
2023-06-27 10:03:17 Checking for update using Github
2023-06-27 10:03:17 Success.
2023-06-27 10:03:17 Latest version is 1.3.5
2023-06-27 10:03:17 App is up to date.
2023-06-27 12:57:16 Checking for update using Github
2023-06-27 12:57:16 Success.
2023-06-27 12:57:16 Latest version is 1.3.5
2023-06-27 12:57:16 App is up to date.
2023-06-27 13:57:16 Checking for update using Github
2023-06-27 13:57:17 Success.
2023-06-27 13:57:17 Latest version is 1.3.5
2023-06-27 13:57:17 App is up to date.
2023-06-27 14:57:16 Checking for update using Github
2023-06-27 14:57:17 Success.
2023-06-27 14:57:17 Latest version is 1.3.5
2023-06-27 14:57:17 App is up to date.
2023-06-27 17:29:23 Checking for update using Github
2023-06-27 17:29:23 Success.
2023-06-27 17:29:23 Latest version is 1.3.5
2023-06-27 17:29:23 App is up to date.
2023-06-28 11:11:12 Checking for update using Github
2023-06-28 11:11:12 Success.
2023-06-28 11:11:12 Latest version is 1.3.5
2023-06-28 11:11:12 App is up to date.
2023-06-29 18:18:49 Loading updated app package /home/johannes/.config/obsidian/obsidian-1.3.5.asar
2023-06-29 18:18:50 Checking for update using Github
2023-06-29 18:18:50 Success.
2023-06-29 18:18:50 Latest version is 1.3.5
2023-06-29 18:18:50 App is up to date.
2023-06-29 18:23:21 Loading updated app package /home/johannes/.config/obsidian/obsidian-1.3.5.asar
2023-06-29 18:23:21 Checking for update using Github
2023-06-29 18:23:21 Success.
2023-06-29 18:23:21 Latest version is 1.3.5
2023-06-29 18:23:21 App is up to date.
2023-06-30 07:58:28 Checking for update using Github
2023-06-30 07:58:28 Success.
2023-06-30 07:58:28 Latest version is 1.3.5
2023-06-30 07:58:28 App is up to date.
2023-08-11 13:55:49 Loading updated app package /home/johannes/.config/obsidian/obsidian-1.3.5.asar
2023-08-11 13:55:49 Checking for update using Github
2023-08-11 13:55:50 Success.
2023-08-11 13:55:50 Latest version is 1.3.7
2023-08-11 13:55:50 Downloading update from https://github.com/obsidianmd/obsidian-releases/releases/download/v1.3.7/obsidian-1.3.7.asar.gz
2023-08-11 13:55:51 Verifying hash & signature. Size= 7540911
2023-08-11 13:55:51 Saving file
2023-08-11 13:55:51 Update complete.
2023-08-11 15:17:45 Checking for update using Github
2023-08-11 15:17:45 Success.
2023-08-11 15:17:45 Latest version is 1.3.7
2023-08-11 15:17:45 An update is already downloaded.
2023-08-13 02:02:20 Checking for update using Github
2023-08-13 02:02:20 Success.
2023-08-13 02:02:20 Latest version is 1.3.7
2023-08-13 02:02:20 An update is already downloaded.
2023-08-13 21:40:39 Checking for update using Github
2023-08-13 21:40:40 Success.
2023-08-13 21:40:40 Latest version is 1.3.7
2023-08-13 21:40:40 An update is already downloaded.
2023-08-13 22:40:39 Checking for update using Github
2023-08-13 22:40:40 Success.
2023-08-13 22:40:40 Latest version is 1.3.7
2023-08-13 22:40:40 An update is already downloaded.
2023-08-13 23:40:40 Checking for update using Github
2023-08-13 23:40:40 Success.
2023-08-13 23:40:40 Latest version is 1.3.7
2023-08-13 23:40:40 An update is already downloaded.
2023-08-14 11:04:03 Checking for update using Github
2023-08-14 11:04:03 Success.
2023-08-14 11:04:03 Latest version is 1.3.7
2023-08-14 11:04:03 An update is already downloaded.
2023-09-14 13:52:27 Loading updated app package /home/johannes/.config/obsidian/obsidian-1.3.7.asar
2023-09-14 13:52:27 Checking for update using Github
2023-09-14 13:52:28 Success.
2023-09-14 13:52:28 Latest version is 1.4.12
2023-09-14 13:52:28 Downloading update from https://github.com/obsidianmd/obsidian-releases/releases/download/v1.4.12/obsidian-1.4.12.asar.gz
2023-09-14 13:52:30 Verifying hash & signature. Size= 8394475
2023-09-14 13:52:30 Saving file
2023-09-14 13:52:31 Update complete.
2023-09-14 14:52:27 Checking for update using Github
2023-09-14 14:52:27 Success.
2023-09-14 14:52:27 Latest version is 1.4.12
2023-09-14 14:52:27 An update is already downloaded.
2023-09-15 11:30:19 Checking for update using Github
2023-09-15 11:30:19 Success.
2023-09-15 11:30:19 Latest version is 1.4.12
2023-09-15 11:30:19 An update is already downloaded.
2023-09-15 14:56:16 Loading updated app package /home/johannes/.config/obsidian/obsidian-1.4.12.asar
2023-09-15 14:56:16 Checking for update using Github
2023-09-15 14:56:16 Success.
2023-09-15 14:56:16 Latest version is 1.4.12
2023-09-15 14:56:16 App is up to date.
2023-09-15 17:31:54 Checking for update using Github
2023-09-15 17:31:54 Success.
2023-09-15 17:31:54 Latest version is 1.4.13
2023-09-15 17:31:54 Downloading update from https://github.com/obsidianmd/obsidian-releases/releases/download/v1.4.13/obsidian-1.4.13.asar.gz
2023-09-15 17:31:55 Verifying hash & signature. Size= 8394487
2023-09-15 17:31:55 Saving file
2023-09-15 17:31:55 Update complete.
2023-09-15 18:31:54 Checking for update using Github
2023-09-15 18:31:54 Success.
2023-09-15 18:31:54 Latest version is 1.4.13
2023-09-15 18:31:54 An update is already downloaded.
2023-09-15 22:07:49 Checking for update using Github
2023-09-15 22:07:49 Success.
2023-09-15 22:07:49 Latest version is 1.4.13
2023-09-15 22:07:49 An update is already downloaded.
2023-09-16 08:29:00 Checking for update using Github
2023-09-16 08:29:00 Success.
2023-09-16 08:29:00 Latest version is 1.4.13
2023-09-16 08:29:00 An update is already downloaded.
2023-09-16 09:29:00 Checking for update using Github
2023-09-16 09:29:00 Success.
2023-09-16 09:29:00 Latest version is 1.4.13
2023-09-16 09:29:00 An update is already downloaded.
2023-09-25 14:55:38 Loading updated app package /home/johannes/.config/obsidian/obsidian-1.4.13.asar
2023-09-25 14:55:39 Checking for update using Github
2023-09-25 14:55:39 Success.
2023-09-25 14:55:39 Latest version is 1.4.13
2023-09-25 14:55:39 App is up to date.
2023-09-25 17:28:04 Checking for update using Github
2023-09-25 17:28:04 Success.
2023-09-25 17:28:04 Latest version is 1.4.13
2023-09-25 17:28:04 App is up to date.
2023-10-26 08:25:39 Loading updated app package /home/johannes/.config/obsidian/obsidian-1.4.13.asar
2023-10-26 08:25:39 Checking for update using Github
2023-10-26 08:25:40 Success.
2023-10-26 08:25:40 Latest version is 1.4.16
2023-10-26 08:25:40 Downloading update from https://github.com/obsidianmd/obsidian-releases/releases/download/v1.4.16/obsidian-1.4.16.asar.gz
2023-10-26 08:25:40 Verifying hash & signature. Size= 8394471
2023-10-26 08:25:40 Saving file
2023-10-26 08:25:41 Update complete.
2023-10-26 09:25:39 Checking for update using Github
2023-10-26 09:25:39 Success.
2023-10-26 09:25:39 Latest version is 1.4.16
2023-10-26 09:25:39 An update is already downloaded.
2023-10-26 10:25:39 Checking for update using Github
2023-10-26 10:25:39 Success.
2023-10-26 10:25:39 Latest version is 1.4.16
2023-10-26 10:25:39 An update is already downloaded.
2023-10-26 11:25:39 Checking for update using Github
2023-10-26 11:25:40 Success.
2023-10-26 11:25:40 Latest version is 1.4.16
2023-10-26 11:25:40 An update is already downloaded.
2023-10-26 12:25:39 Checking for update using Github
2023-10-26 12:25:40 Success.
2023-10-26 12:25:40 Latest version is 1.4.16
2023-10-26 12:25:40 An update is already downloaded.
2023-10-26 13:25:40 Checking for update using Github
2023-10-26 13:25:40 Success.
2023-10-26 13:25:40 Latest version is 1.4.16
2023-10-26 13:25:40 An update is already downloaded.
2023-10-26 14:25:40 Checking for update using Github
2023-10-26 14:25:40 Success.
2023-10-26 14:25:40 Latest version is 1.4.16
2023-10-26 14:25:40 An update is already downloaded.
2023-10-26 15:25:40 Checking for update using Github
2023-10-26 15:25:40 Success.
2023-10-26 15:25:40 Latest version is 1.4.16
2023-10-26 15:25:40 An update is already downloaded.
2023-10-26 19:31:02 Checking for update using Github
2023-10-26 19:31:02 Success.
2023-10-26 19:31:02 Latest version is 1.4.16
2023-10-26 19:31:02 An update is already downloaded.
2023-10-27 06:44:42 Checking for update using Github
2023-10-27 06:44:42 Success.
2023-10-27 06:44:42 Latest version is 1.4.16
2023-10-27 06:44:42 An update is already downloaded.
2023-10-30 12:02:33 Loading updated app package /home/johannes/.config/obsidian/obsidian-1.4.16.asar
2023-10-30 12:02:34 Checking for update using Github
2023-10-30 12:02:34 Success.
2023-10-30 12:02:34 Latest version is 1.4.16
2023-10-30 12:02:34 App is up to date.
2023-10-30 14:57:34 Loading updated app package /home/johannes/.config/obsidian/obsidian-1.4.16.asar
2023-10-30 14:57:34 Checking for update using Github
2023-10-30 14:57:34 Success.
2023-10-30 14:57:34 Latest version is 1.4.16
2023-10-30 14:57:34 App is up to date.
2023-10-30 17:27:22 Checking for update using Github
2023-10-30 17:27:22 Success.
2023-10-30 17:27:22 Latest version is 1.4.16
2023-10-30 17:27:22 App is up to date.
2023-10-30 18:27:23 Checking for update using Github
2023-10-30 18:27:23 Success.
2023-10-30 18:27:23 Latest version is 1.4.16
2023-10-30 18:27:23 App is up to date.
2023-10-30 19:27:23 Checking for update using Github
2023-10-30 19:27:23 Success.
2023-10-30 19:27:23 Latest version is 1.4.16
2023-10-30 19:27:23 App is up to date.
2023-10-30 20:27:23 Checking for update using Github
2023-10-30 20:27:23 Success.
2023-10-30 20:27:23 Latest version is 1.4.16
2023-10-30 20:27:23 App is up to date.
2023-10-31 01:10:49 Checking for update using Github
2023-10-31 01:10:49 Success.
2023-10-31 01:10:49 Latest version is 1.4.16
2023-10-31 01:10:49 App is up to date.
2023-10-31 20:10:03 Checking for update using Github
2023-10-31 20:10:03 Success.
2023-10-31 20:10:03 Latest version is 1.4.16
2023-10-31 20:10:03 App is up to date.
2023-10-31 21:10:03 Checking for update using Github
2023-10-31 21:10:03 Success.
2023-10-31 21:10:03 Latest version is 1.4.16
2023-10-31 21:10:03 App is up to date.
2023-10-31 22:10:03 Checking for update using Github
2023-10-31 22:10:03 Success.
2023-10-31 22:10:03 Latest version is 1.4.16
2023-10-31 22:10:03 App is up to date.
2023-10-31 23:10:03 Checking for update using Github
2023-10-31 23:10:03 Success.
2023-10-31 23:10:03 Latest version is 1.4.16
2023-10-31 23:10:03 App is up to date.
2023-11-01 10:56:59 Checking for update using Github
2023-11-01 10:57:00 Success.
2023-11-01 10:57:00 Latest version is 1.4.16
2023-11-01 10:57:00 App is up to date.
2023-11-01 12:15:03 Checking for update using Github
2023-11-01 12:15:03 Success.
2023-11-01 12:15:03 Latest version is 1.4.16
2023-11-01 12:15:03 App is up to date.
2023-11-01 15:52:12 Checking for update using Github
2023-11-01 15:52:12 Success.
2023-11-01 15:52:12 Latest version is 1.4.16
2023-11-01 15:52:12 App is up to date.
2023-11-01 17:28:29 Checking for update using Github
2023-11-01 17:28:29 Success.
2023-11-01 17:28:29 Latest version is 1.4.16
2023-11-01 17:28:29 App is up to date.
2023-11-01 18:28:29 Checking for update using Github
2023-11-01 18:28:29 Success.
2023-11-01 18:28:29 Latest version is 1.4.16
2023-11-01 18:28:29 App is up to date.
2023-11-01 19:28:29 Checking for update using Github
2023-11-01 19:28:30 Success.
2023-11-01 19:28:30 Latest version is 1.4.16
2023-11-01 19:28:30 App is up to date.
2023-11-02 10:14:08 Checking for update using Github
2023-11-02 10:14:08 Success.
2023-11-02 10:14:08 Latest version is 1.4.16
2023-11-02 10:14:08 App is up to date.
2023-11-02 12:20:00 Checking for update using Github
2023-11-02 12:20:01 Success.
2023-11-02 12:20:01 Latest version is 1.4.16
2023-11-02 12:20:01 App is up to date.
2023-11-02 14:32:03 Loading updated app package /home/johannes/.config/obsidian/obsidian-1.4.16.asar
2023-11-02 14:32:04 Checking for update using Github
2023-11-02 14:32:04 Success.
2023-11-02 14:32:04 Latest version is 1.4.16
2023-11-02 14:32:04 App is up to date.
2023-11-07 10:21:01 Loading updated app package /home/johannes/.config/obsidian/obsidian-1.4.16.asar
2023-11-07 10:21:02 Checking for update using Github
2023-11-07 10:21:02 Success.
2023-11-07 10:21:02 Latest version is 1.4.16
2023-11-07 10:21:02 App is up to date.
2023-11-07 11:21:01 Checking for update using Github
2023-11-07 11:21:01 Success.
2023-11-07 11:21:01 Latest version is 1.4.16
2023-11-07 11:21:01 App is up to date.
2023-11-07 13:09:54 Checking for update using Github
2023-11-07 13:09:54 Success.
2023-11-07 13:09:54 Latest version is 1.4.16
2023-11-07 13:09:54 App is up to date.
2023-11-07 14:09:54 Checking for update using Github
2023-11-07 14:09:55 Success.
2023-11-07 14:09:55 Latest version is 1.4.16
2023-11-07 14:09:55 App is up to date.
2023-11-07 15:09:55 Checking for update using Github
2023-11-07 15:09:55 Success.
2023-11-07 15:09:55 Latest version is 1.4.16
2023-11-07 15:09:55 App is up to date.
2023-11-07 16:09:55 Checking for update using Github
2023-11-07 16:09:55 Success.
2023-11-07 16:09:55 Latest version is 1.4.16
2023-11-07 16:09:55 App is up to date.
2023-11-07 21:38:10 Checking for update using Github
2023-11-07 21:38:11 Success.
2023-11-07 21:38:11 Latest version is 1.4.16
2023-11-07 21:38:11 App is up to date.
2023-11-07 22:38:10 Checking for update using Github
2023-11-07 22:38:11 Success.
2023-11-07 22:38:11 Latest version is 1.4.16
2023-11-07 22:38:11 App is up to date.
2023-11-08 10:29:52 Checking for update using Github
2023-11-08 10:29:52 Success.
2023-11-08 10:29:52 Latest version is 1.4.16
2023-11-08 10:29:52 App is up to date.
2023-11-08 11:36:49 Checking for update using Github
2023-11-08 11:36:49 Success.
2023-11-08 11:36:49 Latest version is 1.4.16
2023-11-08 11:36:49 App is up to date.
2023-11-08 14:25:34 Checking for update using Github
2023-11-08 14:25:34 Success.
2023-11-08 14:25:34 Latest version is 1.4.16
2023-11-08 14:25:34 App is up to date.
2023-11-08 15:25:34 Checking for update using Github
2023-11-08 15:25:35 Success.
2023-11-08 15:25:35 Latest version is 1.4.16
2023-11-08 15:25:35 App is up to date.
2023-11-08 16:25:34 Checking for update using Github
2023-11-08 16:25:35 Success.
2023-11-08 16:25:35 Latest version is 1.4.16
2023-11-08 16:25:35 App is up to date.
2023-11-08 19:31:24 Checking for update using Github
2023-11-08 19:31:24 Success.
2023-11-08 19:31:24 Latest version is 1.4.16
2023-11-08 19:31:24 App is up to date.
2023-11-08 20:31:24 Checking for update using Github
2023-11-08 20:31:24 Success.
2023-11-08 20:31:24 Latest version is 1.4.16
2023-11-08 20:31:24 App is up to date.
